=~=~=~=~=~=~=~=~=~=~=~= PuTTY log 2020.09.24 16:20:39 =~=~=~=~=~=~=~=~=~=~=~=
$AIPOV,045231.5587,40.937,40.937,-40.937,99.999,-99.999,-99.999,0.00,0.00,0.00,41.90278199,012.49636600,0.000,199.415,200.000,-200.000,199.415,-200.000,-200.000,40.937,04400201*52
$AIPOV,045231.6087,40.984,40.984,-40.984,99.999,-99.999,-99.999,0.00,0.00,0.00,41.90278199,012.49636600,0.000,200.982,200.000,-200.000,200.982,-200.000,-200.000,40.984,04400201*54
$AIPOV,045231.6587,41.031,41.031,-41.031,99.999,-99.999,-99.999,0.00,0.00,0.00,41.90278199,012.49636600,0.000,202.447,200.000,-200.000,202.447,-200.000,-200.000,41.031,04400201*51
$AIPOV,045231.7087,41.079,41.079,-41.079,99.999,-99.999,-99.999,0.00,0.00,0.00,41.90278199,012.49636600,0.000,203.677,200.000,-200.000,203.677,-200.000,-200.000,41.079,04400201*55
$AIPOV,045231.7587,41.128,41.128,-41.128,99.999,-99.999,-99.999,0.00,0.00,0.00,41.90278199,012.49636600,0.000,204.543,200.000,-200.000,204.543,-200.000,-200.000,41.128,04400201*50
$AIPOV,045231.8087,41.179,41.179,-41.179,99.999,-99.999,-99.999,0.00,0.00,0.00,41.90278199,012.49636600,0.000,204.966,200.000,-200.000,204.966,-200.000,-200.000,41.179,04400201*5A
$AIPOV,045231.8587,41.230,41.230,-41.230,99.999,-99.999,-99.999,0.00,0.00,0.00,41.90278199,012.49636600,0.000,204.903,200.000,-200.000,204.903,-200.000,-200.000,41.230,04400201*5F
$AIPOV,045231.9087,41.282,41.282,-41.282,99.999,-99.999,-99.999,0.00,0.00,0.00,41.90278199,012.49636600,0.000,204.361,200.000,-200.000,204.361,-200.000,-200.000,41.282,04400201*5B
$AIPOV,045231.9587,41.335,41.335,-41.335,99.999,-99.999,-99.999,0.00,0.00,0.00,41.90278199,012.49636600,0.000,203.391,200.000,-200.000,203.391,-200.000,-200.000,41.335,04400201*5E
$AIPOV,045232.0087,41.389,41.389,-41.389,99.999,-99.999,-99.999,0.00,0.00,0.00,41.90278199,012.49636600,0.000,202.089,200.000,-200.000,202.089,-200.000,-200.000,41.389,04400201*51
$AIPOV,045232.0587,41.443,41.443,-41.443,99.999,-99.999,-99.999,0.00,0.00,0.00,41.90278199,012.49636600,0.000,200.583,200.000,-200.000,200.583,-200.000,-200.000,41.443,04400201*54
$AIPOV,045232.1087,41.499,41.499,-41.499,99.999,-99.999,-99.999,0.00,0.00,0.00,41.90278199,012.49636600,0.000,199.021,200.000,-200.000,199.021,-200.000,-200.000,41.499,04400201*50
$AIPOV,045232.1587,41.555,41.555,-41.555,99.999,-99.999,-99.999,0.00,0.00,0.00,41.90278199,012.49636600,0.000,197.554,200.000,-200.000,197.554,-200.000,-200.000,41.555,04400201*55
$AIPOV,045232.2087,41.613,41.613,-41.613,99.999,-99.999,-99.999,0.00,0.00,0.00,41.90278199,012.49636600,0.000,196.325,200.000,-200.000,196.325,-200.000,-200.000,41.613,04400201*53
$AIPOV,045232.2587,41.671,41.671,-41.671,99.999,-99.999,-99.999,0.00,0.00,0.00,41.90278199,012.49636600,0.000,195.457,200.000,-200.000,195.457,-200.000,-200.000,41.671,04400201*56
$AIPOV,045232.3087,41.730,41.730,-41.730,99.999,-99.999,-99.999,0.00,0.00,0.00,41.90278199,012.49636600,0.000,195.034,200.000,-200.000,195.034,-200.000,-200.000,41.730,04400201*52
$AIPOV,045232.3587,41.790,41.790,-41.790,99.999,-99.999,-99.999,0.00,0.00,0.00,41.90278199,012.49636600,0.000,195.096,200.000,-200.000,195.096,-200.000,-200.000,41.790,04400201*57
$AIPOV,045232.4087,41.851,41.851,-41.851,99.999,-99.999,-99.999,0.00,0.00,0.00,41.90278199,012.49636600,0.000,195.639,200.000,-200.000,195.639,-200.000,-200.000,41.851,04400201*55
$AIPOV,045232.4587,41.912,41.912,-41.912,99.999,-99.999,-99.999,0.00,0.00,0.00,41.90278199,012.49636600,0.000,196.608,200.000,-200.000,196.608,-200.000,-200.000,41.912,04400201*50
$AIPOV,045232.5087,41.974,41.974,-41.974,99.999,-99.999,-99.999,0.00,0.00,0.00,41.90278199,012.49636600,0.000,197.909,200.000,-200.000,197.909,-200.000,-200.000,41.974,04400201*54
$AIPOV,045232.5587,42.037,42.037,-42.037,99.999,-99.999,-99.999,0.00,0.00,0.00,41.90278199,012.49636600,0.000,199.415,200.000,-200.000,199.415,-200.000,-200.000,42.037,04400201*51
$AIPOV,045232.6087,42.101,42.101,-42.101,99.999,-99.999,-99.999,0.00,0.00,0.00,41.90278199,012.49636600,0.000,200.982,200.000,-200.000,200.982,-200.000,-200.000,42.101,04400201*57
$AIPOV,045232.6587,42.165,42.165,-42.165,99.999,-99.999,-99.999,0.00,0.00,0.00,41.90278199,012.49636600,0.000,202.448,200.000,-200.000,202.448,-200.000,-200.000,42.165,04400201*52
$AIPOV,045232.7087,42.230,42.230,-42.230,99.999,-99.999,-99.999,0.00,0.00,0.00,41.90278199,012.49636600,0.000,203.676,200.000,-200.000,203.676,-200.000,-200.000,42.230,04400201*56
$AIPOV,045232.7587,42.296,42.296,-42.296,99.999,-99.999,-99.999,0.00,0.00,0.00,41.90278199,012.49636600,0.000,204.543,200.000,-200.000,204.543,-200.000,-200.000,42.296,04400201*53
$AIPOV,045232.8087,42.362,42.362,-42.362,99.999,-99.999,-99.999,0.00,0.00,0.00,41.90278199,012.49636600,0.000,204.966,200.000,-200.000,204.966,-200.000,-200.000,42.362,04400201*59
$AIPOV,045232.8587,42.429,42.429,-42.429,99.999,-99.999,-99.999,0.00,0.00,0.00,41.90278199,012.49636600,0.000,204.903,200.000,-200.000,204.903,-200.000,-200.000,42.429,04400201*5C
$AIPOV,045232.9087,42.497,42.497,-42.497,99.999,-99.999,-99.999,0.00,0.00,0.00,41.90278199,012.49636600,0.000,204.360,200.000,-200.000,204.360,-200.000,-200.000,42.497,04400201*58
$AIPOV,045232.9587,42.565,42.565,-42.565,99.999,-99.999,-99.999,0.00,0.00,0.00,41.90278199,012.49636600,0.000,203.391,200.000,-200.000,203.391,-200.000,-200.000,42.565,04400201*5D
$AIPOV,045233.0087,42.634,42.634,-42.634,99.999,-99.999,-99.999,0.00,0.00,0.00,41.90278199,012.49636600,0.000,202.089,200.000,-200.000,202.089,-200.000,-200.000,42.634,04400201*50
$AIPOV,045233.0587,42.704,42.704,-42.704,99.999,-99.999,-99.999,0.00,0.00,0.00,41.90278199,012.49636600,0.000,200.583,200.000,-200.000,200.583,-200.000,-200.000,42.704,04400201*55
$AIPOV,045233.1087,42.774,42.774,-42.774,99.999,-99.999,-99.999,0.00,0.00,0.00,41.90278199,012.49636600,0.000,199.020,200.000,-200.000,199.020,-200.000,-200.000,42.774,04400201*51
$AIPOV,045233.1587,42.844,42.844,-42.844,99.999,-99.999,-99.999,0.00,0.00,0.00,41.90278199,012.49636600,0.000,197.554,200.000,-200.000,197.554,-200.000,-200.000,42.844,04400201*54
$AIPOV,045233.2087,42.915,42.915,-42.915,99.999,-99.999,-99.999,0.00,0.00,0.00,41.90278199,012.49636600,0.000,196.326,200.000,-200.000,196.326,-200.000,-200.000,42.915,04400201*52
$AIPOV,045233.2587,42.987,42.987,-42.987,99.999,-99.999,-99.999,0.00,0.00,0.00,41.90278199,012.49636600,0.000,195.457,200.000,-200.000,195.457,-200.000,-200.000,42.987,04400201*57
$AIPOV,045233.3087,43.059,43.059,-43.059,99.999,-99.999,-99.999,0.00,0.00,0.00,41.90278199,012.49636600,0.000,195.034,200.000,-200.000,195.034,-200.000,-200.000,43.059,04400201*53
$AIPOV,045233.3587,43.132,43.132,-43.132,99.999,-99.999,-99.999,0.00,0.00,0.00,41.90278199,012.49636600,0.000,195.096,200.000,-200.000,195.096,-200.000,-200.000,43.132,04400201*56
$AIPOV,045233.4087,43.205,43.205,-43.205,99.999,-99.999,-99.999,0.00,0.00,0.00,41.90278199,012.49636600,0.000,195.639,200.000,-200.000,195.639,-200.000,-200.000,43.205,04400201*54
$AIPOV,045233.4587,43.278,43.278,-43.278,99.999,-99.999,-99.999,0.00,0.00,0.00,41.90278199,012.49636600,0.000,196.608,200.000,-200.000,196.608,-200.000,-200.000,43.278,04400201*51
$AIPOV,045233.5087,43.352,43.352,-43.352,99.999,-99.999,-99.999,0.00,0.00,0.00,41.90278199,012.49636600,0.000,197.909,200.000,-200.000,197.909,-200.000,-200.000,43.352,04400201*55
$AIPOV,045233.5587,43.427,43.427,-43.427,99.999,-99.999,-99.999,0.00,0.00,0.00,41.90278199,012.49636600,0.000,199.416,200.000,-200.000,199.416,-200.000,-200.000,43.427,04400201*50
$AIPOV,045233.6087,43.502,43.502,-43.502,99.999,-99.999,-99.999,0.00,0.00,0.00,41.90278199,012.49636600,0.000,200.982,200.000,-200.000,200.982,-200.000,-200.000,43.502,04400201*56
$AIPOV,045233.6587,43.577,43.577,-43.577,99.999,-99.999,-99.999,0.00,0.00,0.00,41.90278199,012.49636600,0.000,202.448,200.000,-200.000,202.448,-200.000,-200.000,43.577,04400201*53
$AIPOV,045233.7087,43.652,43.652,-43.652,99.999,-99.999,-99.999,0.00,0.00,0.00,41.90278199,012.49636600,0.000,203.676,200.000,-200.000,203.676,-200.000,-200.000,43.652,04400201*57
$AIPOV,045233.7587,43.728,43.728,-43.728,99.999,-99.999,-99.999,0.00,0.00,0.00,41.90278199,012.49636600,0.000,204.543,200.000,-200.000,204.543,-200.000,-200.000,43.728,04400201*52
$AIPOV,045233.8087,43.804,43.804,-43.804,99.999,-99.999,-99.999,0.00,0.00,0.00,41.90278199,012.49636600,0.000,204.966,200.000,-200.000,204.966,-200.000,-200.000,43.804,04400201*58
$AIPOV,045233.8587,43.880,43.880,-43.880,99.999,-99.999,-99.999,0.00,0.00,0.00,41.90278199,012.49636600,0.000,204.903,200.000,-200.000,204.903,-200.000,-200.000,43.880,04400201*5D
$AIPOV,045233.9087,43.957,43.957,-43.957,99.999,-99.999,-99.999,0.00,0.00,0.00,41.90278199,012.49636600,0.000,204.361,200.000,-200.000,204.361,-200.000,-200.000,43.957,04400201*59
$AIPOV,045233.9587,44.034,44.034,-44.034,99.999,-99.999,-99.999,0.00,0.00,0.00,41.90278199,012.49636600,0.000,203.391,200.000,-200.000,203.391,-200.000,-200.000,44.034,04400201*5C
$AIPOV,045234.0087,44.111,44.111,-44.111,99.999,-99.999,-99.999,0.00,0.00,0.00,41.90278199,012.49636600,0.000,202.090,200.000,-200.000,202.090,-200.000,-200.000,44.111,04400201*57
$AIPOV,045234.0587,44.188,44.188,-44.188,99.999,-99.999,-99.999,0.00,0.00,0.00,41.90278199,012.49636600,0.000,200.583,200.000,-200.000,200.583,-200.000,-200.000,44.188,04400201*52
$AIPOV,045234.1087,44.266,44.266,-44.266,99.999,-99.999,-99.999,0.00,0.00,0.00,41.90278199,012.49636600,0.000,199.020,200.000,-200.000,199.020,-200.000,-200.000,44.266,04400201*56
$AIPOV,045234.1587,44.344,44.344,-44.344,99.999,-99.999,-99.999,0.00,0.00,0.00,41.90278199,012.49636600,0.000,197.554,200.000,-200.000,197.554,-200.000,-200.000,44.344,04400201*53
$AIPOV,045234.2087,44.422,44.422,-44.422,99.999,-99.999,-99.999,0.00,0.00,0.00,41.90278199,012.49636600,0.000,196.326,200.000,-200.000,196.326,-200.000,-200.000,44.422,04400201*55
$AIPOV,045234.2587,44.500,44.500,-44.500,99.999,-99.999,-99.999,0.00,0.00,0.00,41.90278199,012.49636600,0.000,195.457,200.000,-200.000,195.457,-200.000,-200.000,44.500,04400201*50
$AIPOV,045234.3087,44.578,44.578,-44.578,99.999,-99.999,-99.999,0.00,0.00,0.00,41.90278199,012.49636600,0.000,195.034,200.000,-200.000,195.034,-200.000,-200.000,44.578,04400201*54
$AIPOV,045234.3587,44.656,44.656,-44.656,99.999,-99.999,-99.999,0.00,0.00,0.00,41.90278199,012.49636600,0.000,195.096,200.000,-200.000,195.096,-200.000,-200.000,44.656,04400201*51
$AIPOV,045234.4087,44.735,44.735,-44.735,99.999,-99.999,-99.999,0.00,0.00,0.00,41.90278199,012.49636600,0.000,195.639,200.000,-200.000,195.639,-200.000,-200.000,44.735,04400201*53
$AIPOV,045234.4587,44.813,44.813,-44.813,99.999,-99.999,-99.999,0.00,0.00,0.00,41.90278199,012.49636600,0.000,196.608,200.000,-200.000,196.608,-200.000,-200.000,44.813,04400201*56
$AIPOV,045234.5087,44.892,44.892,-44.892,99.999,-99.999,-99.999,0.00,0.00,0.00,41.90278199,012.49636600,0.000,197.909,200.000,-200.000,197.909,-200.000,-200.000,44.892,04400201*52
$AIPOV,045234.5587,44.970,44.970,-44.970,99.999,-99.999,-99.999,0.00,0.00,0.00,41.90278199,012.49636600,0.000,199.416,200.000,-200.000,199.416,-200.000,-200.000,44.970,04400201*57
$AIPOV,045234.6087,45.049,45.049,-45.049,99.999,-99.999,-99.999,0.00,0.00,0.00,41.90278199,012.49636600,0.000,200.982,200.000,-200.000,200.982,-200.000,-200.000,45.049,04400201*51
$AIPOV,045234.6587,45.127,45.127,-45.127,99.999,-99.999,-99.999,0.00,0.00,0.00,41.90278199,012.49636600,0.000,202.448,200.000,-200.000,202.448,-200.000,-200.000,45.127,04400201*54
$AIPOV,045234.7087,45.206,45.206,-45.206,99.999,-99.999,-99.999,0.00,0.00,0.00,41.90278199,012.49636600,0.000,203.676,200.000,-200.000,203.676,-200.000,-200.000,45.206,04400201*50
$AIPOV,045234.7587,45.284,45.284,-45.284,99.999,-99.999,-99.999,0.00,0.00,0.00,41.90278199,012.49636600,0.000,204.543,200.000,-200.000,204.543,-200.000,-200.000,45.284,04400201*55
$AIPOV,045234.8087,45.363,45.363,-45.363,99.999,-99.999,-99.999,0.00,0.00,0.00,41.90278199,012.49636600,0.000,204.966,200.000,-200.000,204.966,-200.000,-200.000,45.363,04400201*5F
$AIPOV,045234.8587,45.441,45.441,-45.441,99.999,-99.999,-99.999,0.00,0.00,0.00,41.90278199,012.49636600,0.000,204.903,200.000,-200.000,204.903,-200.000,-200.000,45.441,04400201*5A
$AIPOV,045234.9087,45.519,45.519,-45.519,99.999,-99.999,-99.999,0.00,0.00,0.00,41.90278199,012.49636600,0.000,204.360,200.000,-200.000,204.360,-200.000,-200.000,45.519,04400201*5E
$AIPOV,045234.9587,45.597,45.597,-45.597,99.999,-99.999,-99.999,0.00,0.00,0.00,41.90278199,012.49636600,0.000,203.391,200.000,-200.000,203.391,-200.000,-200.000,45.597,04400201*5B
$AIPOV,045235.0087,45.675,45.675,-45.675,99.999,-99.999,-99.999,0.00,0.00,0.00,41.90278199,012.49636600,0.000,202.090,200.000,-200.000,202.090,-200.000,-200.000,45.675,04400201*56
$AIPOV,045235.0587,45.753,45.753,-45.753,99.999,-99.999,-99.999,0.00,0.00,0.00,41.90278199,012.49636600,0.000,200.582,200.000,-200.000,200.582,-200.000,-200.000,45.753,04400201*53
$AIPOV,045235.1087,45.830,45.830,-45.830,99.999,-99.999,-99.999,0.00,0.00,0.00,41.90278199,012.49636600,0.000,199.021,200.000,-200.000,199.021,-200.000,-200.000,45.830,04400201*57
$AIPOV,045235.1587,45.908,45.908,-45.908,99.999,-99.999,-99.999,0.00,0.00,0.00,41.90278199,012.49636600,0.000,197.553,200.000,-200.000,197.553,-200.000,-200.000,45.908,04400201*52
$AIPOV,045235.2087,45.985,45.985,-45.985,99.999,-99.999,-99.999,0.00,0.00,0.00,41.90278199,012.49636600,0.000,196.326,200.000,-200.000,196.326,-200.000,-200.000,45.985,04400201*54
$AIPOV,045235.2587,46.062,46.062,-46.062,99.999,-99.999,-99.999,0.00,0.00,0.00,41.90278199,012.49636600,0.000,195.458,200.000,-200.000,195.458,-200.000,-200.000,46.062,04400201*51
$AIPOV,045235.3087,46.138,46.138,-46.138,99.999,-99.999,-99.999,0.00,0.00,0.00,41.90278199,012.49636600,0.000,195.034,200.000,-200.000,195.034,-200.000,-200.000,46.138,04400201*55
$AIPOV,045235.3587,46.215,46.215,-46.215,99.999,-99.999,-99.999,0.00,0.00,0.00,41.90278199,012.49636600,0.000,195.096,200.000,-200.000,195.096,-200.000,-200.000,46.215,04400201*50
$AIPOV,045235.4087,46.291,46.291,-46.291,99.999,-99.999,-99.999,0.00,0.00,0.00,41.90278199,012.49636600,0.000,195.639,200.000,-200.000,195.639,-200.000,-200.000,46.291,04400201*52
$AIPOV,045235.4587,46.366,46.366,-46.366,99.999,-99.999,-99.999,0.00,0.00,0.00,41.90278199,012.49636600,0.000,196.608,200.000,-200.000,196.608,-200.000,-200.000,46.366,04400201*57
$AIPOV,045235.5087,46.442,46.442,-46.442,99.999,-99.999,-99.999,0.00,0.00,0.00,41.90278199,012.49636600,0.000,197.909,200.000,-200.000,197.909,-200.000,-200.000,46.442,04400201*53
$AIPOV,045235.5587,46.517,46.517,-46.517,99.999,-99.999,-99.999,0.00,0.00,0.00,41.90278199,012.49636600,0.000,199.415,200.000,-200.000,199.415,-200.000,-200.000,46.517,04400201*56
$AIPOV,045235.6087,46.592,46.592,-46.592,99.999,-99.999,-99.999,0.00,0.00,0.00,41.90278199,012.49636600,0.000,200.982,200.000,-200.000,200.982,-200.000,-200.000,46.592,04400201*50
$AIPOV,045235.6587,46.666,46.666,-46.666,99.999,-99.999,-99.999,0.00,0.00,0.00,41.90278199,012.49636600,0.000,202.447,200.000,-200.000,202.447,-200.000,-200.000,46.666,04400201*55
$AIPOV,045235.7087,46.740,46.740,-46.740,99.999,-99.999,-99.999,0.00,0.00,0.00,41.90278199,012.49636600,0.000,203.676,200.000,-200.000,203.676,-200.000,-200.000,46.740,04400201*51
$AIPOV,045235.7587,46.813,46.813,-46.813,99.999,-99.999,-99.999,0.00,0.00,0.00,41.90278199,012.49636600,0.000,204.543,200.000,-200.000,204.543,-200.000,-200.000,46.813,04400201*54
$AIPOV,045235.8087,46.886,46.886,-46.886,99.999,-99.999,-99.999,0.00,0.00,0.00,41.90278199,012.49636600,0.000,204.965,200.000,-200.000,204.965,-200.000,-200.000,46.886,04400201*5E
$AIPOV,045235.8587,46.958,46.958,-46.958,99.999,-99.999,-99.999,0.00,0.00,0.00,41.90278199,012.49636600,0.000,204.903,200.000,-200.000,204.903,-200.000,-200.000,46.958,04400201*5B
$AIPOV,045235.9087,47.030,47.030,-47.030,99.999,-99.999,-99.999,0.00,0.00,0.00,41.90278199,012.49636600,0.000,204.360,200.000,-200.000,204.360,-200.000,-200.000,47.030,04400201*5F
$AIPOV,045235.9587,47.102,47.102,-47.102,99.999,-99.999,-99.999,0.00,0.00,0.00,41.90278199,012.49636600,0.000,203.391,200.000,-200.000,203.391,-200.000,-200.000,47.102,04400201*5A
$AIPOV,045236.0087,47.173,47.173,-47.173,99.999,-99.999,-99.999,0.00,0.00,0.00,41.90278199,012.49636600,0.000,202.089,200.000,-200.000,202.089,-200.000,-200.000,47.173,04400201*55
$AIPOV,045236.0587,47.243,47.243,-47.243,99.999,-99.999,-99.999,0.00,0.00,0.00,41.90278199,012.49636600,0.000,200.584,200.000,-200.000,200.584,-200.000,-200.000,47.243,04400201*50
$AIPOV,045236.1087,47.313,47.313,-47.313,99.999,-99.999,-99.999,0.00,0.00,0.00,41.90278199,012.49636600,0.000,199.021,200.000,-200.000,199.021,-200.000,-200.000,47.313,04400201*54
$AIPOV,045236.1587,47.383,47.383,-47.383,99.999,-99.999,-99.999,0.00,0.00,0.00,41.90278199,012.49636600,0.000,197.554,200.000,-200.000,197.554,-200.000,-200.000,47.383,04400201*51
$AIPOV,045236.2087,47.451,47.451,-47.451,99.999,-99.999,-99.999,0.00,0.00,0.00,41.90278199,012.49636600,0.000,196.326,200.000,-200.000,196.326,-200.000,-200.000,47.451,04400201*57
$AIPOV,045236.2587,47.519,47.519,-47.519,99.999,-99.999,-99.999,0.00,0.00,0.00,41.90278199,012.49636600,0.000,195.457,200.000,-200.000,195.457,-200.000,-200.000,47.519,04400201*52
$AIPOV,045236.3087,47.587,47.587,-47.587,99.999,-99.999,-99.999,0.00,0.00,0.00,41.90278199,012.49636600,0.000,195.034,200.000,-200.000,195.034,-200.000,-200.000,47.587,04400201*56
$AIPOV,045236.3587,47.654,47.654,-47.654,99.999,-99.999,-99.999,0.00,0.00,0.00,41.90278199,012.49636600,0.000,195.096,200.000,-200.000,195.096,-200.000,-200.000,47.654,04400201*53
$AIPOV,045236.4087,47.720,47.720,-47.720,99.999,-99.999,-99.999,0.00,0.00,0.00,41.90278199,012.49636600,0.000,195.639,200.000,-200.000,195.639,-200.000,-200.000,47.720,04400201*51
$AIPOV,045236.4587,47.786,47.786,-47.786,99.999,-99.999,-99.999,0.00,0.00,0.00,41.90278199,012.49636600,0.000,196.608,200.000,-200.000,196.608,-200.000,-200.000,47.786,04400201*54
$AIPOV,045236.5087,47.851,47.851,-47.851,99.999,-99.999,-99.999,0.00,0.00,0.00,41.90278199,012.49636600,0.000,197.909,200.000,-200.000,197.909,-200.000,-200.000,47.851,04400201*50
$AIPOV,045236.5587,47.915,47.915,-47.915,99.999,-99.999,-99.999,0.00,0.00,0.00,41.90278199,012.49636600,0.000,199.415,200.000,-200.000,199.415,-200.000,-200.000,47.915,04400201*55
$AIPOV,045236.6087,47.978,47.978,-47.978,99.999,-99.999,-99.999,0.00,0.00,0.00,41.90278199,012.49636600,0.000,200.981,200.000,-200.000,200.981,-200.000,-200.000,47.978,04400201*53
$AIPOV,045236.6587,48.041,48.041,-48.041,99.999,-99.999,-99.999,0.00,0.00,0.00,41.90278199,012.49636600,0.000,202.448,200.000,-200.000,202.448,-200.000,-200.000,48.041,04400201*56
$AIPOV,045236.7087,48.103,48.103,-48.103,99.999,-99.999,-99.999,0.00,0.00,0.00,41.90278199,012.49636600,0.000,203.678,200.000,-200.000,203.678,-200.000,-200.000,48.103,04400201*52
$AIPOV,045236.7587,48.164,48.164,-48.164,99.999,-99.999,-99.999,0.00,0.00,0.00,41.90278199,012.49636600,0.000,204.543,200.000,-200.000,204.543,-200.000,-200.000,48.164,04400201*57
$AIPOV,045236.8087,48.225,48.225,-48.225,99.999,-99.999,-99.999,0.00,0.00,0.00,41.90278199,012.49636600,0.000,204.966,200.000,-200.000,204.966,-200.000,-200.000,48.225,04400201*5D
$AIPOV,045236.8587,48.284,48.284,-48.284,99.999,-99.999,-99.999,0.00,0.00,0.00,41.90278199,012.49636600,0.000,204.903,200.000,-200.000,204.903,-200.000,-200.000,48.284,04400201*58
$AIPOV,045236.9087,48.343,48.343,-48.343,99.999,-99.999,-99.999,0.00,0.00,0.00,41.90278199,012.49636600,0.000,204.360,200.000,-200.000,204.360,-200.000,-200.000,48.343,04400201*5C
$AIPOV,045236.9587,48.401,48.401,-48.401,99.999,-99.999,-99.999,0.00,0.00,0.00,41.90278199,012.49636600,0.000,203.391,200.000,-200.000,203.391,-200.000,-200.000,48.401,04400201*59
$AIPOV,045237.0087,48.458,48.458,-48.458,99.999,-99.999,-99.999,0.00,0.00,0.00,41.90278199,012.49636600,0.000,202.089,200.000,-200.000,202.089,-200.000,-200.000,48.458,04400201*54
$AIPOV,045237.0587,48.514,48.514,-48.514,99.999,-99.999,-99.999,0.00,0.00,0.00,41.90278199,012.49636600,0.000,200.584,200.000,-200.000,200.584,-200.000,-200.000,48.514,04400201*51
$AIPOV,045237.1087,48.570,48.570,-48.570,99.999,-99.999,-99.999,0.00,0.00,0.00,41.90278199,012.49636600,0.000,199.021,200.000,-200.000,199.021,-200.000,-200.000,48.570,04400201*55
$AIPOV,045237.1587,48.624,48.624,-48.624,99.999,-99.999,-99.999,0.00,0.00,0.00,41.90278199,012.49636600,0.000,197.553,200.000,-200.000,197.553,-200.000,-200.000,48.624,04400201*50
$AIPOV,045237.2087,48.678,48.678,-48.678,99.999,-99.999,-99.999,0.00,0.00,0.00,41.90278199,012.49636600,0.000,196.325,200.000,-200.000,196.325,-200.000,-200.000,48.678,04400201*56
$AIPOV,045237.2587,48.731,48.731,-48.731,99.999,-99.999,-99.999,0.00,0.00,0.00,41.90278199,012.49636600,0.000,195.457,200.000,-200.000,195.457,-200.000,-200.000,48.731,04400201*53
$AIPOV,045237.3087,48.782,48.782,-48.782,99.999,-99.999,-99.999,0.00,0.00,0.00,41.90278199,012.49636600,0.000,195.034,200.000,-200.000,195.034,-200.000,-200.000,48.782,04400201*57
$AIPOV,045237.3587,48.833,48.833,-48.833,99.999,-99.999,-99.999,0.00,0.00,0.00,41.90278199,012.49636600,0.000,195.096,200.000,-200.000,195.096,-200.000,-200.000,48.833,04400201*52
$AIPOV,045237.4087,48.883,48.883,-48.883,99.999,-99.999,-99.999,0.00,0.00,0.00,41.90278199,012.49636600,0.000,195.639,200.000,-200.000,195.639,-200.000,-200.000,48.883,04400201*50
$AIPOV,045237.4587,48.932,48.932,-48.932,99.999,-99.999,-99.999,0.00,0.00,0.00,41.90278199,012.49636600,0.000,196.608,200.000,-200.000,196.608,-200.000,-200.000,48.932,04400201*55
$AIPOV,045237.5087,48.980,48.980,-48.980,99.999,-99.999,-99.999,0.00,0.00,0.00,41.90278199,012.49636600,0.000,197.909,200.000,-200.000,197.909,-200.000,-200.000,48.980,04400201*51
$AIPOV,045237.5587,49.027,49.027,-49.027,99.999,-99.999,-99.999,0.00,0.00,0.00,41.90278199,012.49636600,0.000,199.415,200.000,-200.000,199.415,-200.000,-200.000,49.027,04400201*54
$AIPOV,045237.6087,49.073,49.073,-49.073,99.999,-99.999,-99.999,0.00,0.00,0.00,41.90278199,012.49636600,0.000,200.981,200.000,-200.000,200.981,-200.000,-200.000,49.073,04400201*52
$AIPOV,045237.6587,49.118,49.118,-49.118,99.999,-99.999,-99.999,0.00,0.00,0.00,41.90278199,012.49636600,0.000,202.448,200.000,-200.000,202.448,-200.000,-200.000,49.118,04400201*57
$AIPOV,045237.7087,49.162,49.162,-49.162,99.999,-99.999,-99.999,0.00,0.00,0.00,41.90278199,012.49636600,0.000,203.676,200.000,-200.000,203.676,-200.000,-200.000,49.162,04400201*53
$AIPOV,045237.7587,49.205,49.205,-49.205,99.999,-99.999,-99.999,0.00,0.00,0.00,41.90278199,012.49636600,0.000,204.543,200.000,-200.000,204.543,-200.000,-200.000,49.205,04400201*56
$AIPOV,045237.8087,49.247,49.247,-49.247,99.999,-99.999,-99.999,0.00,0.00,0.00,41.90278199,012.49636600,0.000,204.966,200.000,-200.000,204.966,-200.000,-200.000,49.247,04400201*5C
$AIPOV,045237.8587,49.288,49.288,-49.288,99.999,-99.999,-99.999,0.00,0.00,0.00,41.90278199,012.49636600,0.000,204.903,200.000,-200.000,204.903,-200.000,-200.000,49.288,04400201*59
$AIPOV,045237.9087,49.328,49.328,-49.328,99.999,-99.999,-99.999,0.00,0.00,0.00,41.90278199,012.49636600,0.000,204.360,200.000,-200.000,204.360,-200.000,-200.000,49.328,04400201*5D
$AIPOV,045237.9587,49.367,49.367,-49.367,99.999,-99.999,-99.999,0.00,0.00,0.00,41.90278199,012.49636600,0.000,203.391,200.000,-200.000,203.391,-200.000,-200.000,49.367,04400201*58
$AIPOV,045238.0087,49.405,49.405,-49.405,99.999,-99.999,-99.999,0.00,0.00,0.00,41.90278199,012.49636600,0.000,202.089,200.000,-200.000,202.089,-200.000,-200.000,49.405,04400201*5B
$AIPOV,045238.0587,49.441,49.441,-49.441,99.999,-99.999,-99.999,0.00,0.00,0.00,41.90278199,012.49636600,0.000,200.584,200.000,-200.000,200.584,-200.000,-200.000,49.441,04400201*5E
$AIPOV,045238.1087,49.477,49.477,-49.477,99.999,-99.999,-99.999,0.00,0.00,0.00,41.90278199,012.49636600,0.000,199.020,200.000,-200.000,199.020,-200.000,-200.000,49.477,04400201*5A
$AIPOV,045238.1587,49.511,49.511,-49.511,99.999,-99.999,-99.999,0.00,0.00,0.00,41.90278199,012.49636600,0.000,197.553,200.000,-200.000,197.553,-200.000,-200.000,49.511,04400201*5F
$AIPOV,045238.2087,49.544,49.544,-49.544,99.999,-99.999,-99.999,0.00,0.00,0.00,41.90278199,012.49636600,0.000,196.326,200.000,-200.000,196.326,-200.000,-200.000,49.544,04400201*59
$AIPOV,045238.2587,49.577,49.577,-49.577,99.999,-99.999,-99.999,0.00,0.00,0.00,41.90278199,012.49636600,0.000,195.457,200.000,-200.000,195.457,-200.000,-200.000,49.577,04400201*5C
$AIPOV,045238.3087,49.608,49.608,-49.608,99.999,-99.999,-99.999,0.00,0.00,0.00,41.90278199,012.49636600,0.000,195.034,200.000,-200.000,195.034,-200.000,-200.000,49.608,04400201*58
$AIPOV,045238.3587,49.638,49.638,-49.638,99.999,-99.999,-99.999,0.00,0.00,0.00,41.90278199,012.49636600,0.000,195.096,200.000,-200.000,195.096,-200.000,-200.000,49.638,04400201*5D
$AIPOV,045238.4087,49.666,49.666,-49.666,99.999,-99.999,-99.999,0.00,0.00,0.00,41.90278199,012.49636600,0.000,195.638,200.000,-200.000,195.638,-200.000,-200.000,49.666,04400201*5F
$AIPOV,045238.4587,49.694,49.694,-49.694,99.999,-99.999,-99.999,0.00,0.00,0.00,41.90278199,012.49636600,0.000,196.608,200.000,-200.000,196.608,-200.000,-200.000,49.694,04400201*5A
$AIPOV,045238.5087,49.720,49.720,-49.720,99.999,-99.999,-99.999,0.00,0.00,0.00,41.90278199,012.49636600,0.000,197.909,200.000,-200.000,197.909,-200.000,-200.000,49.720,04400201*5E
$AIPOV,045238.5587,49.746,49.746,-49.746,99.999,-99.999,-99.999,0.00,0.00,0.00,41.90278199,012.49636600,0.000,199.415,200.000,-200.000,199.415,-200.000,-200.000,49.746,04400201*5B
$AIPOV,045238.6087,49.770,49.770,-49.770,99.999,-99.999,-99.999,0.00,0.00,0.00,41.90278199,012.49636600,0.000,200.981,200.000,-200.000,200.981,-200.000,-200.000,49.770,04400201*5D
$AIPOV,045238.6587,49.793,49.793,-49.793,99.999,-99.999,-99.999,0.00,0.00,0.00,41.90278199,012.49636600,0.000,202.448,200.000,-200.000,202.448,-200.000,-200.000,49.793,04400201*58
$AIPOV,045238.7087,49.815,49.815,-49.815,99.999,-99.999,-99.999,0.00,0.00,0.00,41.90278199,012.49636600,0.000,203.676,200.000,-200.000,203.676,-200.000,-200.000,49.815,04400201*5C
$AIPOV,045238.7587,49.835,49.835,-49.835,99.999,-99.999,-99.999,0.00,0.00,0.00,41.90278199,012.49636600,0.000,204.544,200.000,-200.000,204.544,-200.000,-200.000,49.835,04400201*59
$AIPOV,045238.8087,49.854,49.854,-49.854,99.999,-99.999,-99.999,0.00,0.00,0.00,41.90278199,012.49636600,0.000,204.965,200.000,-200.000,204.965,-200.000,-200.000,49.854,04400201*53
$AIPOV,045238.8587,49.873,49.873,-49.873,99.999,-99.999,-99.999,0.00,0.00,0.00,41.90278199,012.49636600,0.000,204.903,200.000,-200.000,204.903,-200.000,-200.000,49.873,04400201*56
$AIPOV,045238.9087,49.890,49.890,-49.890,99.999,-99.999,-99.999,0.00,0.00,0.00,41.90278199,012.49636600,0.000,204.360,200.000,-200.000,204.360,-200.000,-200.000,49.890,04400201*52
$AIPOV,045238.9587,49.905,49.905,-49.905,99.999,-99.999,-99.999,0.00,0.00,0.00,41.90278199,012.49636600,0.000,203.391,200.000,-200.000,203.391,-200.000,-200.000,49.905,04400201*57
$AIPOV,045239.0087,49.920,49.920,-49.920,99.999,-99.999,-99.999,0.00,0.00,0.00,41.90278199,012.49636600,0.000,202.090,200.000,-200.000,202.090,-200.000,-200.000,49.920,04400201*5A
$AIPOV,045239.0587,49.933,49.933,-49.933,99.999,-99.999,-99.999,0.00,0.00,0.00,41.90278199,012.49636600,0.000,200.584,200.000,-200.000,200.584,-200.000,-200.000,49.933,04400201*5F
$AIPOV,045239.1087,49.945,49.945,-49.945,99.999,-99.999,-99.999,0.00,0.00,0.00,41.90278199,012.49636600,0.000,199.020,200.000,-200.000,199.020,-200.000,-200.000,49.945,04400201*5B
$AIPOV,045239.1587,49.956,49.956,-49.956,99.999,-99.999,-99.999,0.00,0.00,0.00,41.90278199,012.49636600,0.000,197.553,200.000,-200.000,197.553,-200.000,-200.000,49.956,04400201*5E
$AIPOV,045239.2087,49.966,49.966,-49.966,99.999,-99.999,-99.999,0.00,0.00,0.00,41.90278199,012.49636600,0.000,196.326,200.000,-200.000,196.326,-200.000,-200.000,49.966,04400201*58
$AIPOV,045239.2587,49.974,49.974,-49.974,99.999,-99.999,-99.999,0.00,0.00,0.00,41.90278199,012.49636600,0.000,195.458,200.000,-200.000,195.458,-200.000,-200.000,49.974,04400201*5D
$AIPOV,045239.3087,49.982,49.982,-49.982,99.999,-99.999,-99.999,0.00,0.00,0.00,41.90278199,012.49636600,0.000,195.034,200.000,-200.000,195.034,-200.000,-200.000,49.982,04400201*59
$AIPOV,045239.3587,49.988,49.988,-49.988,99.999,-99.999,-99.999,0.00,0.00,0.00,41.90278199,012.49636600,0.000,195.096,200.000,-200.000,195.096,-200.000,-200.000,49.988,04400201*5C
$AIPOV,045239.4087,49.992,49.992,-49.992,99.999,-99.999,-99.999,0.00,0.00,0.00,41.90278199,012.49636600,0.000,195.638,200.000,-200.000,195.638,-200.000,-200.000,49.992,04400201*5E
$AIPOV,045239.4587,49.996,49.996,-49.996,99.999,-99.999,-99.999,0.00,0.00,0.00,41.90278199,012.49636600,0.000,196.608,200.000,-200.000,196.608,-200.000,-200.000,49.996,04400201*5B
$AIPOV,045239.5087,49.998,49.998,-49.998,99.999,-99.999,-99.999,0.00,0.00,0.00,41.90278199,012.49636600,0.000,197.909,200.000,-200.000,197.909,-200.000,-200.000,49.998,04400201*5F
$AIPOV,045239.5587,49.999,49.999,-49.999,99.999,-99.999,-99.999,0.00,0.00,0.00,41.90278199,012.49636600,0.000,199.415,200.000,-200.000,199.415,-200.000,-200.000,49.999,04400201*5A
$AIPOV,045239.6087,49.999,49.999,-49.999,99.999,-99.999,-99.999,0.00,0.00,0.00,41.90278199,012.49636600,0.000,200.981,200.000,-200.000,200.981,-200.000,-200.000,49.999,04400201*5C
$AIPOV,045239.6587,49.998,49.998,-49.998,99.999,-99.999,-99.999,0.00,0.00,0.00,41.90278199,012.49636600,0.000,202.448,200.000,-200.000,202.448,-200.000,-200.000,49.998,04400201*59
$AIPOV,045239.7087,49.995,49.995,-49.995,99.999,-99.999,-99.999,0.00,0.00,0.00,41.90278199,012.49636600,0.000,203.676,200.000,-200.000,203.676,-200.000,-200.000,49.995,04400201*5D
$AIPOV,045239.7587,49.991,49.991,-49.991,99.999,-99.999,-99.999,0.00,0.00,0.00,41.90278199,012.49636600,0.000,204.543,200.000,-200.000,204.543,-200.000,-200.000,49.991,04400201*58
$AIPOV,045239.8087,49.986,49.986,-49.986,99.999,-99.999,-99.999,0.00,0.00,0.00,41.90278199,012.49636600,0.000,204.965,200.000,-200.000,204.965,-200.000,-200.000,49.986,04400201*52
$AIPOV,045239.8587,49.980,49.980,-49.980,99.999,-99.999,-99.999,0.00,0.00,0.00,41.90278199,012.49636600,0.000,204.903,200.000,-200.000,204.903,-200.000,-200.000,49.980,04400201*57
$AIPOV,045239.9087,49.972,49.972,-49.972,99.999,-99.999,-99.999,0.00,0.00,0.00,41.90278199,012.49636600,0.000,204.361,200.000,-200.000,204.361,-200.000,-200.000,49.972,04400201*53
$AIPOV,045239.9587,49.964,49.964,-49.964,99.999,-99.999,-99.999,0.00,0.00,0.00,41.90278199,012.49636600,0.000,203.391,200.000,-200.000,203.391,-200.000,-200.000,49.964,04400201*56
$AIPOV,045240.0087,49.954,49.954,-49.954,99.999,-99.999,-99.999,0.00,0.00,0.00,41.90278199,012.49636600,0.000,202.090,200.000,-200.000,202.090,-200.000,-200.000,49.954,04400201*54
$AIPOV,045240.0587,49.942,49.942,-49.942,99.999,-99.999,-99.999,0.00,0.00,0.00,41.90278199,012.49636600,0.000,200.584,200.000,-200.000,200.584,-200.000,-200.000,49.942,04400201*51
$AIPOV,045240.1087,49.930,49.930,-49.930,99.999,-99.999,-99.999,0.00,0.00,0.00,41.90278199,012.49636600,0.000,199.020,200.000,-200.000,199.020,-200.000,-200.000,49.930,04400201*55
$AIPOV,045240.1587,49.916,49.916,-49.916,99.999,-99.999,-99.999,0.00,0.00,0.00,41.90278199,012.49636600,0.000,197.554,200.000,-200.000,197.554,-200.000,-200.000,49.916,04400201*50
$AIPOV,045240.2087,49.901,49.901,-49.901,99.999,-99.999,-99.999,0.00,0.00,0.00,41.90278199,012.49636600,0.000,196.326,200.000,-200.000,196.326,-200.000,-200.000,49.901,04400201*56
$AIPOV,045240.2587,49.885,49.885,-49.885,99.999,-99.999,-99.999,0.00,0.00,0.00,41.90278199,012.49636600,0.000,195.457,200.000,-200.000,195.457,-200.000,-200.000,49.885,04400201*53
$AIPOV,045240.3087,49.868,49.868,-49.868,99.999,-99.999,-99.999,0.00,0.00,0.00,41.90278199,012.49636600,0.000,195.034,200.000,-200.000,195.034,-200.000,-200.000,49.868,04400201*57
$AIPOV,045240.3587,49.850,49.850,-49.850,99.999,-99.999,-99.999,0.00,0.00,0.00,41.90278199,012.49636600,0.000,195.096,200.000,-200.000,195.096,-200.000,-200.000,49.850,04400201*52
$AIPOV,045240.4087,49.830,49.830,-49.830,99.999,-99.999,-99.999,0.00,0.00,0.00,41.90278199,012.49636600,0.000,195.639,200.000,-200.000,195.639,-200.000,-200.000,49.830,04400201*50
$AIPOV,045240.4587,49.809,49.809,-49.809,99.999,-99.999,-99.999,0.00,0.00,0.00,41.90278199,012.49636600,0.000,196.608,200.000,-200.000,196.608,-200.000,-200.000,49.809,04400201*55
$AIPOV,045240.5087,49.787,49.787,-49.787,99.999,-99.999,-99.999,0.00,0.00,0.00,41.90278199,012.49636600,0.000,197.909,200.000,-200.000,197.909,-200.000,-200.000,49.787,04400201*51
$AIPOV,045240.5587,49.764,49.764,-49.764,99.999,-99.999,-99.999,0.00,0.00,0.00,41.90278199,012.49636600,0.000,199.415,200.000,-200.000,199.415,-200.000,-200.000,49.764,04400201*54
$AIPOV,045240.6087,49.739,49.739,-49.739,99.999,-99.999,-99.999,0.00,0.00,0.00,41.90278199,012.49636600,0.000,200.981,200.000,-200.000,200.981,-200.000,-200.000,49.739,04400201*52
$AIPOV,045240.6587,49.714,49.714,-49.714,99.999,-99.999,-99.999,0.00,0.00,0.00,41.90278199,012.49636600,0.000,202.448,200.000,-200.000,202.448,-200.000,-200.000,49.714,04400201*57
$AIPOV,045240.7087,49.687,49.687,-49.687,99.999,-99.999,-99.999,0.00,0.00,0.00,41.90278199,012.49636600,0.000,203.675,200.000,-200.000,203.675,-200.000,-200.000,49.687,04400201*53
$AIPOV,045240.7587,49.659,49.659,-49.659,99.999,-99.999,-99.999,0.00,0.00,0.00,41.90278199,012.49636600,0.000,204.543,200.000,-200.000,204.543,-200.000,-200.000,49.659,04400201*56
$AIPOV,045240.8087,49.630,49.630,-49.630,99.999,-99.999,-99.999,0.00,0.00,0.00,41.90278199,012.49636600,0.000,204.965,200.000,-200.000,204.965,-200.000,-200.000,49.630,04400201*5C
$AIPOV,045240.8587,49.600,49.600,-49.600,99.999,-99.999,-99.999,0.00,0.00,0.00,41.90278199,012.49636600,0.000,204.903,200.000,-200.000,204.903,-200.000,-200.000,49.600,04400201*59
$AIPOV,045240.9087,49.568,49.568,-49.568,99.999,-99.999,-99.999,0.00,0.00,0.00,41.90278199,012.49636600,0.000,204.360,200.000,-200.000,204.360,-200.000,-200.000,49.568,04400201*5D
$AIPOV,045240.9587,49.536,49.536,-49.536,99.999,-99.999,-99.999,0.00,0.00,0.00,41.90278199,012.49636600,0.000,203.391,200.000,-200.000,203.391,-200.000,-200.000,49.536,04400201*58
$AIPOV,045241.0087,49.502,49.502,-49.502,99.999,-99.999,-99.999,0.00,0.00,0.00,41.90278199,012.49636600,0.000,202.089,200.000,-200.000,202.089,-200.000,-200.000,49.502,04400201*55
$AIPOV,045241.0587,49.468,49.468,-49.468,99.999,-99.999,-99.999,0.00,0.00,0.00,41.90278199,012.49636600,0.000,200.584,200.000,-200.000,200.584,-200.000,-200.000,49.468,04400201*50
$AIPOV,045241.1087,49.432,49.432,-49.432,99.999,-99.999,-99.999,0.00,0.00,0.00,41.90278199,012.49636600,0.000,199.021,200.000,-200.000,199.021,-200.000,-200.000,49.432,04400201*54
$AIPOV,045241.1587,49.395,49.395,-49.395,99.999,-99.999,-99.999,0.00,0.00,0.00,41.90278199,012.49636600,0.000,197.553,200.000,-200.000,197.553,-200.000,-200.000,49.395,04400201*51
$AIPOV,045241.2087,49.357,49.357,-49.357,99.999,-99.999,-99.999,0.00,0.00,0.00,41.90278199,012.49636600,0.000,196.326,200.000,-200.000,196.326,-200.000,-200.000,49.357,04400201*57
$AIPOV,045241.2587,49.318,49.318,-49.318,99.999,-99.999,-99.999,0.00,0.00,0.00,41.90278199,012.49636600,0.000,195.458,200.000,-200.000,195.458,-200.000,-200.000,49.318,04400201*52
$AIPOV,045241.3087,49.278,49.278,-49.278,99.999,-99.999,-99.999,0.00,0.00,0.00,41.90278199,012.49636600,0.000,195.034,200.000,-200.000,195.034,-200.000,-200.000,49.278,04400201*56
$AIPOV,045241.3587,49.237,49.237,-49.237,99.999,-99.999,-99.999,0.00,0.00,0.00,41.90278199,012.49636600,0.000,195.096,200.000,-200.000,195.096,-200.000,-200.000,49.237,04400201*53
$AIPOV,045241.4087,49.195,49.195,-49.195,99.999,-99.999,-99.999,0.00,0.00,0.00,41.90278199,012.49636600,0.000,195.639,200.000,-200.000,195.639,-200.000,-200.000,49.195,04400201*51
$AIPOV,045241.4587,49.151,49.151,-49.151,99.999,-99.999,-99.999,0.00,0.00,0.00,41.90278199,012.49636600,0.000,196.608,200.000,-200.000,196.608,-200.000,-200.000,49.151,04400201*54
$AIPOV,045241.5087,49.107,49.107,-49.107,99.999,-99.999,-99.999,0.00,0.00,0.00,41.90278199,012.49636600,0.000,197.909,200.000,-200.000,197.909,-200.000,-200.000,49.107,04400201*50
$AIPOV,045241.5587,49.062,49.062,-49.062,99.999,-99.999,-99.999,0.00,0.00,0.00,41.90278199,012.49636600,0.000,199.415,200.000,-200.000,199.415,-200.000,-200.000,49.062,04400201*55
$AIPOV,045241.6087,49.015,49.015,-49.015,99.999,-99.999,-99.999,0.00,0.00,0.00,41.90278199,012.49636600,0.000,200.981,200.000,-200.000,200.981,-200.000,-200.000,49.015,04400201*53
$AIPOV,045241.6587,48.968,48.968,-48.968,99.999,-99.999,-99.999,0.00,0.00,0.00,41.90278199,012.49636600,0.000,202.448,200.000,-200.000,202.448,-200.000,-200.000,48.968,04400201*56
$AIPOV,045241.7087,48.920,48.920,-48.920,99.999,-99.999,-99.999,0.00,0.00,0.00,41.90278199,012.49636600,0.000,203.676,200.000,-200.000,203.676,-200.000,-200.000,48.920,04400201*52
$AIPOV,045241.7587,48.871,48.871,-48.871,99.999,-99.999,-99.999,0.00,0.00,0.00,41.90278199,012.49636600,0.000,204.543,200.000,-200.000,204.543,-200.000,-200.000,48.871,04400201*57
$AIPOV,045241.8087,48.820,48.820,-48.820,99.999,-99.999,-99.999,0.00,0.00,0.00,41.90278199,012.49636600,0.000,204.965,200.000,-200.000,204.965,-200.000,-200.000,48.820,04400201*5D
$AIPOV,045241.8587,48.769,48.769,-48.769,99.999,-99.999,-99.999,0.00,0.00,0.00,41.90278199,012.49636600,0.000,204.903,200.000,-200.000,204.903,-200.000,-200.000,48.769,04400201*58
$AIPOV,045241.9087,48.717,48.717,-48.717,99.999,-99.999,-99.999,0.00,0.00,0.00,41.90278199,012.49636600,0.000,204.360,200.000,-200.000,204.360,-200.000,-200.000,48.717,04400201*5C
$AIPOV,045241.9587,48.664,48.664,-48.664,99.999,-99.999,-99.999,0.00,0.00,0.00,41.90278199,012.49636600,0.000,203.391,200.000,-200.000,203.391,-200.000,-200.000,48.664,04400201*59
$AIPOV,045242.0087,48.610,48.610,-48.610,99.999,-99.999,-99.999,0.00,0.00,0.00,41.90278199,012.49636600,0.000,202.090,200.000,-200.000,202.090,-200.000,-200.000,48.610,04400201*56
$AIPOV,045242.0587,48.556,48.556,-48.556,99.999,-99.999,-99.999,0.00,0.00,0.00,41.90278199,012.49636600,0.000,200.584,200.000,-200.000,200.584,-200.000,-200.000,48.556,04400201*53
$AIPOV,045242.1087,48.500,48.500,-48.500,99.999,-99.999,-99.999,0.00,0.00,0.00,41.90278199,012.49636600,0.000,199.021,200.000,-200.000,199.021,-200.000,-200.000,48.500,04400201*57
$AIPOV,045242.1587,48.444,48.444,-48.444,99.999,-99.999,-99.999,0.00,0.00,0.00,41.90278199,012.49636600,0.000,197.553,200.000,-200.000,197.553,-200.000,-200.000,48.444,04400201*52
$AIPOV,045242.2087,48.386,48.386,-48.386,99.999,-99.999,-99.999,0.00,0.00,0.00,41.90278199,012.49636600,0.000,196.326,200.000,-200.000,196.326,-200.000,-200.000,48.386,04400201*54
$AIPOV,045242.2587,48.328,48.328,-48.328,99.999,-99.999,-99.999,0.00,0.00,0.00,41.90278199,012.49636600,0.000,195.457,200.000,-200.000,195.457,-200.000,-200.000,48.328,04400201*51
$AIPOV,045242.3087,48.269,48.269,-48.269,99.999,-99.999,-99.999,0.00,0.00,0.00,41.90278199,012.49636600,0.000,195.034,200.000,-200.000,195.034,-200.000,-200.000,48.269,04400201*55
$AIPOV,045242.3587,48.209,48.209,-48.209,99.999,-99.999,-99.999,0.00,0.00,0.00,41.90278199,012.49636600,0.000,195.096,200.000,-200.000,195.096,-200.000,-200.000,48.209,04400201*50
$AIPOV,045242.4087,48.148,48.148,-48.148,99.999,-99.999,-99.999,0.00,0.00,0.00,41.90278199,012.49636600,0.000,195.639,200.000,-200.000,195.639,-200.000,-200.000,48.148,04400201*52
$AIPOV,045242.4587,48.087,48.087,-48.087,99.999,-99.999,-99.999,0.00,0.00,0.00,41.90278199,012.49636600,0.000,196.608,200.000,-200.000,196.608,-200.000,-200.000,48.087,04400201*57
$AIPOV,045242.5087,48.025,48.025,-48.025,99.999,-99.999,-99.999,0.00,0.00,0.00,41.90278199,012.49636600,0.000,197.909,200.000,-200.000,197.909,-200.000,-200.000,48.025,04400201*53
$AIPOV,045242.5587,47.962,47.962,-47.962,99.999,-99.999,-99.999,0.00,0.00,0.00,41.90278199,012.49636600,0.000,199.415,200.000,-200.000,199.415,-200.000,-200.000,47.962,04400201*56
$AIPOV,045242.6087,47.898,47.898,-47.898,99.999,-99.999,-99.999,0.00,0.00,0.00,41.90278199,012.49636600,0.000,200.981,200.000,-200.000,200.981,-200.000,-200.000,47.898,04400201*50
$AIPOV,045242.6587,47.834,47.834,-47.834,99.999,-99.999,-99.999,0.00,0.00,0.00,41.90278199,012.49636600,0.000,202.448,200.000,-200.000,202.448,-200.000,-200.000,47.834,04400201*55
$AIPOV,045242.7087,47.769,47.769,-47.769,99.999,-99.999,-99.999,0.00,0.00,0.00,41.90278199,012.49636600,0.000,203.676,200.000,-200.000,203.676,-200.000,-200.000,47.769,04400201*51
$AIPOV,045242.7587,47.703,47.703,-47.703,99.999,-99.999,-99.999,0.00,0.00,0.00,41.90278199,012.49636600,0.000,204.543,200.000,-200.000,204.543,-200.000,-200.000,47.703,04400201*54
$AIPOV,045242.8087,47.637,47.637,-47.637,99.999,-99.999,-99.999,0.00,0.00,0.00,41.90278199,012.49636600,0.000,204.966,200.000,-200.000,204.966,-200.000,-200.000,47.637,04400201*5E
$AIPOV,045242.8587,47.570,47.570,-47.570,99.999,-99.999,-99.999,0.00,0.00,0.00,41.90278199,012.49636600,0.000,204.903,200.000,-200.000,204.903,-200.000,-200.000,47.570,04400201*5B
$AIPOV,045242.9087,47.502,47.502,-47.502,99.999,-99.999,-99.999,0.00,0.00,0.00,41.90278199,012.49636600,0.000,204.360,200.000,-200.000,204.360,-200.000,-200.000,47.502,04400201*5F
$AIPOV,045242.9587,47.434,47.434,-47.434,99.999,-99.999,-99.999,0.00,0.00,0.00,41.90278199,012.49636600,0.000,203.391,200.000,-200.000,203.391,-200.000,-200.000,47.434,04400201*5A
$AIPOV,045243.0087,47.365,47.365,-47.365,99.999,-99.999,-99.999,0.00,0.00,0.00,41.90278199,012.49636600,0.000,202.088,200.000,-200.000,202.088,-200.000,-200.000,47.365,04400201*57
$AIPOV,045243.0587,47.296,47.296,-47.296,99.999,-99.999,-99.999,0.00,0.00,0.00,41.90278199,012.49636600,0.000,200.584,200.000,-200.000,200.584,-200.000,-200.000,47.296,04400201*52
$AIPOV,045243.1087,47.225,47.225,-47.225,99.999,-99.999,-99.999,0.00,0.00,0.00,41.90278199,012.49636600,0.000,199.021,200.000,-200.000,199.021,-200.000,-200.000,47.225,04400201*56
$AIPOV,045243.1587,47.155,47.155,-47.155,99.999,-99.999,-99.999,0.00,0.00,0.00,41.90278199,012.49636600,0.000,197.553,200.000,-200.000,197.553,-200.000,-200.000,47.155,04400201*53
$AIPOV,045243.2087,47.084,47.084,-47.084,99.999,-99.999,-99.999,0.00,0.00,0.00,41.90278199,012.49636600,0.000,196.325,200.000,-200.000,196.325,-200.000,-200.000,47.084,04400201*55
$AIPOV,045243.2587,47.012,47.012,-47.012,99.999,-99.999,-99.999,0.00,0.00,0.00,41.90278199,012.49636600,0.000,195.457,200.000,-200.000,195.457,-200.000,-200.000,47.012,04400201*50
$AIPOV,045243.3087,46.940,46.940,-46.940,99.999,-99.999,-99.999,0.00,0.00,0.00,41.90278199,012.49636600,0.000,195.034,200.000,-200.000,195.034,-200.000,-200.000,46.940,04400201*54
$AIPOV,045243.3587,46.867,46.867,-46.867,99.999,-99.999,-99.999,0.00,0.00,0.00,41.90278199,012.49636600,0.000,195.096,200.000,-200.000,195.096,-200.000,-200.000,46.867,04400201*51
$AIPOV,045243.4087,46.794,46.794,-46.794,99.999,-99.999,-99.999,0.00,0.00,0.00,41.90278199,012.49636600,0.000,195.639,200.000,-200.000,195.639,-200.000,-200.000,46.794,04400201*53
$AIPOV,045243.4587,46.721,46.721,-46.721,99.999,-99.999,-99.999,0.00,0.00,0.00,41.90278199,012.49636600,0.000,196.608,200.000,-200.000,196.608,-200.000,-200.000,46.721,04400201*56
$AIPOV,045243.5087,46.647,46.647,-46.647,99.999,-99.999,-99.999,0.00,0.00,0.00,41.90278199,012.49636600,0.000,197.909,200.000,-200.000,197.909,-200.000,-200.000,46.647,04400201*52
$AIPOV,045243.5587,46.572,46.572,-46.572,99.999,-99.999,-99.999,0.00,0.00,0.00,41.90278199,012.49636600,0.000,199.416,200.000,-200.000,199.416,-200.000,-200.000,46.572,04400201*57
$AIPOV,045243.6087,46.498,46.498,-46.498,99.999,-99.999,-99.999,0.00,0.00,0.00,41.90278199,012.49636600,0.000,200.981,200.000,-200.000,200.981,-200.000,-200.000,46.498,04400201*51
$AIPOV,045243.6587,46.422,46.422,-46.422,99.999,-99.999,-99.999,0.00,0.00,0.00,41.90278199,012.49636600,0.000,202.447,200.000,-200.000,202.447,-200.000,-200.000,46.422,04400201*54
$AIPOV,045243.7087,46.347,46.347,-46.347,99.999,-99.999,-99.999,0.00,0.00,0.00,41.90278199,012.49636600,0.000,203.676,200.000,-200.000,203.676,-200.000,-200.000,46.347,04400201*50
$AIPOV,045243.7587,46.271,46.271,-46.271,99.999,-99.999,-99.999,0.00,0.00,0.00,41.90278199,012.49636600,0.000,204.543,200.000,-200.000,204.543,-200.000,-200.000,46.271,04400201*55
$AIPOV,045243.8087,46.195,46.195,-46.195,99.999,-99.999,-99.999,0.00,0.00,0.00,41.90278199,012.49636600,0.000,204.966,200.000,-200.000,204.966,-200.000,-200.000,46.195,04400201*5F
$AIPOV,045243.8587,46.119,46.119,-46.119,99.999,-99.999,-99.999,0.00,0.00,0.00,41.90278199,012.49636600,0.000,204.903,200.000,-200.000,204.903,-200.000,-200.000,46.119,04400201*5A
$AIPOV,045243.9087,46.042,46.042,-46.042,99.999,-99.999,-99.999,0.00,0.00,0.00,41.90278199,012.49636600,0.000,204.360,200.000,-200.000,204.360,-200.000,-200.000,46.042,04400201*5E
$AIPOV,045243.9587,45.965,45.965,-45.965,99.999,-99.999,-99.999,0.00,0.00,0.00,41.90278199,012.49636600,0.000,203.391,200.000,-200.000,203.391,-200.000,-200.000,45.965,04400201*5B
$AIPOV,045244.0087,45.888,45.888,-45.888,99.999,-99.999,-99.999,0.00,0.00,0.00,41.90278199,012.49636600,0.000,202.088,200.000,-200.000,202.088,-200.000,-200.000,45.888,04400201*50
$AIPOV,045244.0587,45.811,45.811,-45.811,99.999,-99.999,-99.999,0.00,0.00,0.00,41.90278199,012.49636600,0.000,200.584,200.000,-200.000,200.584,-200.000,-200.000,45.811,04400201*55
$AIPOV,045244.1087,45.733,45.733,-45.733,99.999,-99.999,-99.999,0.00,0.00,0.00,41.90278199,012.49636600,0.000,199.021,200.000,-200.000,199.021,-200.000,-200.000,45.733,04400201*51
$AIPOV,045244.1587,45.655,45.655,-45.655,99.999,-99.999,-99.999,0.00,0.00,0.00,41.90278199,012.49636600,0.000,197.554,200.000,-200.000,197.554,-200.000,-200.000,45.655,04400201*54
$AIPOV,045244.2087,45.577,45.577,-45.577,99.999,-99.999,-99.999,0.00,0.00,0.00,41.90278199,012.49636600,0.000,196.326,200.000,-200.000,196.326,-200.000,-200.000,45.577,04400201*52
$AIPOV,045244.2587,45.499,45.499,-45.499,99.999,-99.999,-99.999,0.00,0.00,0.00,41.90278199,012.49636600,0.000,195.458,200.000,-200.000,195.458,-200.000,-200.000,45.499,04400201*57
$AIPOV,045244.3087,45.421,45.421,-45.421,99.999,-99.999,-99.999,0.00,0.00,0.00,41.90278199,012.49636600,0.000,195.034,200.000,-200.000,195.034,-200.000,-200.000,45.421,04400201*53
$AIPOV,045244.3587,45.343,45.343,-45.343,99.999,-99.999,-99.999,0.00,0.00,0.00,41.90278199,012.49636600,0.000,195.096,200.000,-200.000,195.096,-200.000,-200.000,45.343,04400201*56
$AIPOV,045244.4087,45.264,45.264,-45.264,99.999,-99.999,-99.999,0.00,0.00,0.00,41.90278199,012.49636600,0.000,195.639,200.000,-200.000,195.639,-200.000,-200.000,45.264,04400201*54
$AIPOV,045244.4587,45.186,45.186,-45.186,99.999,-99.999,-99.999,0.00,0.00,0.00,41.90278199,012.49636600,0.000,196.608,200.000,-200.000,196.608,-200.000,-200.000,45.186,04400201*51
$AIPOV,045244.5087,45.107,45.107,-45.107,99.999,-99.999,-99.999,0.00,0.00,0.00,41.90278199,012.49636600,0.000,197.909,200.000,-200.000,197.909,-200.000,-200.000,45.107,04400201*55
$AIPOV,045244.5587,45.029,45.029,-45.029,99.999,-99.999,-99.999,0.00,0.00,0.00,41.90278199,012.49636600,0.000,199.415,200.000,-200.000,199.415,-200.000,-200.000,45.029,04400201*50
$AIPOV,045244.6087,44.950,44.950,-44.950,99.999,-99.999,-99.999,0.00,0.00,0.00,41.90278199,012.49636600,0.000,200.981,200.000,-200.000,200.981,-200.000,-200.000,44.950,04400201*56
$AIPOV,045244.6587,44.872,44.872,-44.872,99.999,-99.999,-99.999,0.00,0.00,0.00,41.90278199,012.49636600,0.000,202.447,200.000,-200.000,202.447,-200.000,-200.000,44.872,04400201*53
$AIPOV,045244.7087,44.793,44.793,-44.793,99.999,-99.999,-99.999,0.00,0.00,0.00,41.90278199,012.49636600,0.000,203.676,200.000,-200.000,203.676,-200.000,-200.000,44.793,04400201*57
$AIPOV,045244.7587,44.715,44.715,-44.715,99.999,-99.999,-99.999,0.00,0.00,0.00,41.90278199,012.49636600,0.000,204.543,200.000,-200.000,204.543,-200.000,-200.000,44.715,04400201*52
$AIPOV,045244.8087,44.636,44.636,-44.636,99.999,-99.999,-99.999,0.00,0.00,0.00,41.90278199,012.49636600,0.000,204.965,200.000,-200.000,204.965,-200.000,-200.000,44.636,04400201*58
$AIPOV,045244.8587,44.558,44.558,-44.558,99.999,-99.999,-99.999,0.00,0.00,0.00,41.90278199,012.49636600,0.000,204.903,200.000,-200.000,204.903,-200.000,-200.000,44.558,04400201*5D
$AIPOV,045244.9087,44.480,44.480,-44.480,99.999,-99.999,-99.999,0.00,0.00,0.00,41.90278199,012.49636600,0.000,204.361,200.000,-200.000,204.361,-200.000,-200.000,44.480,04400201*59
$AIPOV,045244.9587,44.402,44.402,-44.402,99.999,-99.999,-99.999,0.00,0.00,0.00,41.90278199,012.49636600,0.000,203.391,200.000,-200.000,203.391,-200.000,-200.000,44.402,04400201*5C
$AIPOV,045245.0087,44.324,44.324,-44.324,99.999,-99.999,-99.999,0.00,0.00,0.00,41.90278199,012.49636600,0.000,202.091,200.000,-200.000,202.091,-200.000,-200.000,44.324,04400201*51
$AIPOV,045245.0587,44.246,44.246,-44.246,99.999,-99.999,-99.999,0.00,0.00,0.00,41.90278199,012.49636600,0.000,200.584,200.000,-200.000,200.584,-200.000,-200.000,44.246,04400201*54
$AIPOV,045245.1087,44.169,44.169,-44.169,99.999,-99.999,-99.999,0.00,0.00,0.00,41.90278199,012.49636600,0.000,199.021,200.000,-200.000,199.021,-200.000,-200.000,44.169,04400201*50
$AIPOV,045245.1587,44.091,44.091,-44.091,99.999,-99.999,-99.999,0.00,0.00,0.00,41.90278199,012.49636600,0.000,197.554,200.000,-200.000,197.554,-200.000,-200.000,44.091,04400201*55
$AIPOV,045245.2087,44.014,44.014,-44.014,99.999,-99.999,-99.999,0.00,0.00,0.00,41.90278199,012.49636600,0.000,196.326,200.000,-200.000,196.326,-200.000,-200.000,44.014,04400201*53
$AIPOV,045245.2587,43.937,43.937,-43.937,99.999,-99.999,-99.999,0.00,0.00,0.00,41.90278199,012.49636600,0.000,195.458,200.000,-200.000,195.458,-200.000,-200.000,43.937,04400201*56
$AIPOV,045245.3087,43.861,43.861,-43.861,99.999,-99.999,-99.999,0.00,0.00,0.00,41.90278199,012.49636600,0.000,195.034,200.000,-200.000,195.034,-200.000,-200.000,43.861,04400201*52
$AIPOV,045245.3587,43.784,43.784,-43.784,99.999,-99.999,-99.999,0.00,0.00,0.00,41.90278199,012.49636600,0.000,195.096,200.000,-200.000,195.096,-200.000,-200.000,43.784,04400201*57
$AIPOV,045245.4087,43.708,43.708,-43.708,99.999,-99.999,-99.999,0.00,0.00,0.00,41.90278199,012.49636600,0.000,195.638,200.000,-200.000,195.638,-200.000,-200.000,43.708,04400201*55
$AIPOV,045245.4587,43.633,43.633,-43.633,99.999,-99.999,-99.999,0.00,0.00,0.00,41.90278199,012.49636600,0.000,196.608,200.000,-200.000,196.608,-200.000,-200.000,43.633,04400201*50
$AIPOV,045245.5087,43.557,43.557,-43.557,99.999,-99.999,-99.999,0.00,0.00,0.00,41.90278199,012.49636600,0.000,197.909,200.000,-200.000,197.909,-200.000,-200.000,43.557,04400201*54
$AIPOV,045245.5587,43.482,43.482,-43.482,99.999,-99.999,-99.999,0.00,0.00,0.00,41.90278199,012.49636600,0.000,199.415,200.000,-200.000,199.415,-200.000,-200.000,43.482,04400201*51
$AIPOV,045245.6087,43.408,43.408,-43.408,99.999,-99.999,-99.999,0.00,0.00,0.00,41.90278199,012.49636600,0.000,200.981,200.000,-200.000,200.981,-200.000,-200.000,43.408,04400201*57
$AIPOV,045245.6587,43.333,43.333,-43.333,99.999,-99.999,-99.999,0.00,0.00,0.00,41.90278199,012.49636600,0.000,202.446,200.000,-200.000,202.446,-200.000,-200.000,43.333,04400201*52
$AIPOV,045245.7087,43.259,43.259,-43.259,99.999,-99.999,-99.999,0.00,0.00,0.00,41.90278199,012.49636600,0.000,203.675,200.000,-200.000,203.675,-200.000,-200.000,43.259,04400201*56
$AIPOV,045245.7587,43.186,43.186,-43.186,99.999,-99.999,-99.999,0.00,0.00,0.00,41.90278199,012.49636600,0.000,204.544,200.000,-200.000,204.544,-200.000,-200.000,43.186,04400201*53
$AIPOV,045245.8087,43.113,43.113,-43.113,99.999,-99.999,-99.999,0.00,0.00,0.00,41.90278199,012.49636600,0.000,204.965,200.000,-200.000,204.965,-200.000,-200.000,43.113,04400201*59
$AIPOV,045245.8587,43.041,43.041,-43.041,99.999,-99.999,-99.999,0.00,0.00,0.00,41.90278199,012.49636600,0.000,204.903,200.000,-200.000,204.903,-200.000,-200.000,43.041,04400201*5C
$AIPOV,045245.9087,42.969,42.969,-42.969,99.999,-99.999,-99.999,0.00,0.00,0.00,41.90278199,012.49636600,0.000,204.361,200.000,-200.000,204.361,-200.000,-200.000,42.969,04400201*58
$AIPOV,045245.9587,42.897,42.897,-42.897,99.999,-99.999,-99.999,0.00,0.00,0.00,41.90278199,012.49636600,0.000,203.391,200.000,-200.000,203.391,-200.000,-200.000,42.897,04400201*5D
$AIPOV,045246.0087,42.826,42.826,-42.826,99.999,-99.999,-99.999,0.00,0.00,0.00,41.90278199,012.49636600,0.000,202.091,200.000,-200.000,202.091,-200.000,-200.000,42.826,04400201*52
$AIPOV,045246.0587,42.756,42.756,-42.756,99.999,-99.999,-99.999,0.00,0.00,0.00,41.90278199,012.49636600,0.000,200.584,200.000,-200.000,200.584,-200.000,-200.000,42.756,04400201*57
$AIPOV,045246.1087,42.686,42.686,-42.686,99.999,-99.999,-99.999,0.00,0.00,0.00,41.90278199,012.49636600,0.000,199.021,200.000,-200.000,199.021,-200.000,-200.000,42.686,04400201*53
$AIPOV,045246.1587,42.616,42.616,-42.616,99.999,-99.999,-99.999,0.00,0.00,0.00,41.90278199,012.49636600,0.000,197.554,200.000,-200.000,197.554,-200.000,-200.000,42.616,04400201*56
$AIPOV,045246.2087,42.548,42.548,-42.548,99.999,-99.999,-99.999,0.00,0.00,0.00,41.90278199,012.49636600,0.000,196.326,200.000,-200.000,196.326,-200.000,-200.000,42.548,04400201*50
$AIPOV,045246.2587,42.480,42.480,-42.480,99.999,-99.999,-99.999,0.00,0.00,0.00,41.90278199,012.49636600,0.000,195.457,200.000,-200.000,195.457,-200.000,-200.000,42.480,04400201*55
$AIPOV,045246.3087,42.412,42.412,-42.412,99.999,-99.999,-99.999,0.00,0.00,0.00,41.90278199,012.49636600,0.000,195.034,200.000,-200.000,195.034,-200.000,-200.000,42.412,04400201*51
$AIPOV,045246.3587,42.345,42.345,-42.345,99.999,-99.999,-99.999,0.00,0.00,0.00,41.90278199,012.49636600,0.000,195.096,200.000,-200.000,195.096,-200.000,-200.000,42.345,04400201*54
$AIPOV,045246.4087,42.279,42.279,-42.279,99.999,-99.999,-99.999,0.00,0.00,0.00,41.90278199,012.49636600,0.000,195.638,200.000,-200.000,195.638,-200.000,-200.000,42.279,04400201*56
$AIPOV,045246.4587,42.213,42.213,-42.213,99.999,-99.999,-99.999,0.00,0.00,0.00,41.90278199,012.49636600,0.000,196.607,200.000,-200.000,196.607,-200.000,-200.000,42.213,04400201*53
$AIPOV,045246.5087,42.148,42.148,-42.148,99.999,-99.999,-99.999,0.00,0.00,0.00,41.90278199,012.49636600,0.000,197.909,200.000,-200.000,197.909,-200.000,-200.000,42.148,04400201*57
$AIPOV,045246.5587,42.084,42.084,-42.084,99.999,-99.999,-99.999,0.00,0.00,0.00,41.90278199,012.49636600,0.000,199.415,200.000,-200.000,199.415,-200.000,-200.000,42.084,04400201*52
$AIPOV,045246.6087,42.021,42.021,-42.021,99.999,-99.999,-99.999,0.00,0.00,0.00,41.90278199,012.49636600,0.000,200.981,200.000,-200.000,200.981,-200.000,-200.000,42.021,04400201*54
$AIPOV,045246.6587,41.958,41.958,-41.958,99.999,-99.999,-99.999,0.00,0.00,0.00,41.90278199,012.49636600,0.000,202.446,200.000,-200.000,202.446,-200.000,-200.000,41.958,04400201*51
$AIPOV,045246.7087,41.896,41.896,-41.896,99.999,-99.999,-99.999,0.00,0.00,0.00,41.90278199,012.49636600,0.000,203.676,200.000,-200.000,203.676,-200.000,-200.000,41.896,04400201*55
$AIPOV,045246.7587,41.835,41.835,-41.835,99.999,-99.999,-99.999,0.00,0.00,0.00,41.90278199,012.49636600,0.000,204.543,200.000,-200.000,204.543,-200.000,-200.000,41.835,04400201*50
$AIPOV,045246.8087,41.775,41.775,-41.775,99.999,-99.999,-99.999,0.00,0.00,0.00,41.90278199,012.49636600,0.000,204.965,200.000,-200.000,204.965,-200.000,-200.000,41.775,04400201*5A
$AIPOV,045246.8587,41.715,41.715,-41.715,99.999,-99.999,-99.999,0.00,0.00,0.00,41.90278199,012.49636600,0.000,204.903,200.000,-200.000,204.903,-200.000,-200.000,41.715,04400201*5F
$AIPOV,045246.9087,41.656,41.656,-41.656,99.999,-99.999,-99.999,0.00,0.00,0.00,41.90278199,012.49636600,0.000,204.361,200.000,-200.000,204.361,-200.000,-200.000,41.656,04400201*5B
$AIPOV,045246.9587,41.598,41.598,-41.598,99.999,-99.999,-99.999,0.00,0.00,0.00,41.90278199,012.49636600,0.000,203.392,200.000,-200.000,203.392,-200.000,-200.000,41.598,04400201*5E
$AIPOV,045247.0087,41.541,41.541,-41.541,99.999,-99.999,-99.999,0.00,0.00,0.00,41.90278199,012.49636600,0.000,202.090,200.000,-200.000,202.090,-200.000,-200.000,41.541,04400201*53
$AIPOV,045247.0587,41.485,41.485,-41.485,99.999,-99.999,-99.999,0.00,0.00,0.00,41.90278199,012.49636600,0.000,200.584,200.000,-200.000,200.584,-200.000,-200.000,41.485,04400201*56
$AIPOV,045247.1087,41.429,41.429,-41.429,99.999,-99.999,-99.999,0.00,0.00,0.00,41.90278199,012.49636600,0.000,199.022,200.000,-200.000,199.022,-200.000,-200.000,41.429,04400201*52
$AIPOV,045247.1587,41.375,41.375,-41.375,99.999,-99.999,-99.999,0.00,0.00,0.00,41.90278199,012.49636600,0.000,197.554,200.000,-200.000,197.554,-200.000,-200.000,41.375,04400201*57
$AIPOV,045247.2087,41.321,41.321,-41.321,99.999,-99.999,-99.999,0.00,0.00,0.00,41.90278199,012.49636600,0.000,196.326,200.000,-200.000,196.326,-200.000,-200.000,41.321,04400201*51
$AIPOV,045247.2587,41.268,41.268,-41.268,99.999,-99.999,-99.999,0.00,0.00,0.00,41.90278199,012.49636600,0.000,195.458,200.000,-200.000,195.458,-200.000,-200.000,41.268,04400201*54
$AIPOV,045247.3087,41.217,41.217,-41.217,99.999,-99.999,-99.999,0.00,0.00,0.00,41.90278199,012.49636600,0.000,195.034,200.000,-200.000,195.034,-200.000,-200.000,41.217,04400201*50
$AIPOV,045247.3587,41.166,41.166,-41.166,99.999,-99.999,-99.999,0.00,0.00,0.00,41.90278199,012.49636600,0.000,195.096,200.000,-200.000,195.096,-200.000,-200.000,41.166,04400201*55
$AIPOV,045247.4087,41.116,41.116,-41.116,99.999,-99.999,-99.999,0.00,0.00,0.00,41.90278199,012.49636600,0.000,195.638,200.000,-200.000,195.638,-200.000,-200.000,41.116,04400201*57
$AIPOV,045247.4587,41.067,41.067,-41.067,99.999,-99.999,-99.999,0.00,0.00,0.00,41.90278199,012.49636600,0.000,196.607,200.000,-200.000,196.607,-200.000,-200.000,41.067,04400201*52
$AIPOV,045247.5087,41.019,41.019,-41.019,99.999,-99.999,-99.999,0.00,0.00,0.00,41.90278199,012.49636600,0.000,197.909,200.000,-200.000,197.909,-200.000,-200.000,41.019,04400201*56
$AIPOV,045247.5587,40.972,40.972,-40.972,99.999,-99.999,-99.999,0.00,0.00,0.00,41.90278199,012.49636600,0.000,199.414,200.000,-200.000,199.414,-200.000,-200.000,40.972,04400201*53
$AIPOV,045247.6087,40.926,40.926,-40.926,99.999,-99.999,-99.999,0.00,0.00,0.00,41.90278199,012.49636600,0.000,200.981,200.000,-200.000,200.981,-200.000,-200.000,40.926,04400201*55
$AIPOV,045247.6587,40.881,40.881,-40.881,99.999,-99.999,-99.999,0.00,0.00,0.00,41.90278199,012.49636600,0.000,202.447,200.000,-200.000,202.447,-200.000,-200.000,40.881,04400201*50
$AIPOV,045247.7087,40.837,40.837,-40.837,99.999,-99.999,-99.999,0.00,0.00,0.00,41.90278199,012.49636600,0.000,203.676,200.000,-200.000,203.676,-200.000,-200.000,40.837,04400201*54
$AIPOV,045247.7587,40.794,40.794,-40.794,99.999,-99.999,-99.999,0.00,0.00,0.00,41.90278199,012.49636600,0.000,204.543,200.000,-200.000,204.543,-200.000,-200.000,40.794,04400201*51
$AIPOV,045247.8087,40.752,40.752,-40.752,99.999,-99.999,-99.999,0.00,0.00,0.00,41.90278199,012.49636600,0.000,204.965,200.000,-200.000,204.965,-200.000,-200.000,40.752,04400201*5B
$AIPOV,045247.8587,40.711,40.711,-40.711,99.999,-99.999,-99.999,0.00,0.00,0.00,41.90278199,012.49636600,0.000,204.903,200.000,-200.000,204.903,-200.000,-200.000,40.711,04400201*5E
$AIPOV,045247.9087,40.671,40.671,-40.671,99.999,-99.999,-99.999,0.00,0.00,0.00,41.90278199,012.49636600,0.000,204.361,200.000,-200.000,204.361,-200.000,-200.000,40.671,04400201*5A
$AIPOV,045247.9587,40.632,40.632,-40.632,99.999,-99.999,-99.999,0.00,0.00,0.00,41.90278199,012.49636600,0.000,203.392,200.000,-200.000,203.392,-200.000,-200.000,40.632,04400201*5F
$AIPOV,045248.0087,40.594,40.594,-40.594,99.999,-99.999,-99.999,0.00,0.00,0.00,41.90278199,012.49636600,0.000,202.090,200.000,-200.000,202.090,-200.000,-200.000,40.594,04400201*5C
$AIPOV,045248.0587,40.558,40.558,-40.558,99.999,-99.999,-99.999,0.00,0.00,0.00,41.90278199,012.49636600,0.000,200.584,200.000,-200.000,200.584,-200.000,-200.000,40.558,04400201*59
$AIPOV,045248.1087,40.522,40.522,-40.522,99.999,-99.999,-99.999,0.00,0.00,0.00,41.90278199,012.49636600,0.000,199.021,200.000,-200.000,199.021,-200.000,-200.000,40.522,04400201*5D
$AIPOV,045248.1587,40.488,40.488,-40.488,99.999,-99.999,-99.999,0.00,0.00,0.00,41.90278199,012.49636600,0.000,197.554,200.000,-200.000,197.554,-200.000,-200.000,40.488,04400201*58
$AIPOV,045248.2087,40.455,40.455,-40.455,99.999,-99.999,-99.999,0.00,0.00,0.00,41.90278199,012.49636600,0.000,196.326,200.000,-200.000,196.326,-200.000,-200.000,40.455,04400201*5E
$AIPOV,045248.2587,40.422,40.422,-40.422,99.999,-99.999,-99.999,0.00,0.00,0.00,41.90278199,012.49636600,0.000,195.457,200.000,-200.000,195.457,-200.000,-200.000,40.422,04400201*5B
$AIPOV,045248.3087,40.391,40.391,-40.391,99.999,-99.999,-99.999,0.00,0.00,0.00,41.90278199,012.49636600,0.000,195.034,200.000,-200.000,195.034,-200.000,-200.000,40.391,04400201*5F
$AIPOV,045248.3587,40.361,40.361,-40.361,99.999,-99.999,-99.999,0.00,0.00,0.00,41.90278199,012.49636600,0.000,195.096,200.000,-200.000,195.096,-200.000,-200.000,40.361,04400201*5A
$AIPOV,045248.4087,40.333,40.333,-40.333,99.999,-99.999,-99.999,0.00,0.00,0.00,41.90278199,012.49636600,0.000,195.639,200.000,-200.000,195.639,-200.000,-200.000,40.333,04400201*58
$AIPOV,045248.4587,40.305,40.305,-40.305,99.999,-99.999,-99.999,0.00,0.00,0.00,41.90278199,012.49636600,0.000,196.608,200.000,-200.000,196.608,-200.000,-200.000,40.305,04400201*5D
$AIPOV,045248.5087,40.279,40.279,-40.279,99.999,-99.999,-99.999,0.00,0.00,0.00,41.90278199,012.49636600,0.000,197.909,200.000,-200.000,197.909,-200.000,-200.000,40.279,04400201*59
$AIPOV,045248.5587,40.253,40.253,-40.253,99.999,-99.999,-99.999,0.00,0.00,0.00,41.90278199,012.49636600,0.000,199.415,200.000,-200.000,199.415,-200.000,-200.000,40.253,04400201*5C
$AIPOV,045248.6087,40.229,40.229,-40.229,99.999,-99.999,-99.999,0.00,0.00,0.00,41.90278199,012.49636600,0.000,200.982,200.000,-200.000,200.982,-200.000,-200.000,40.229,04400201*5A
$AIPOV,045248.6587,40.206,40.206,-40.206,99.999,-99.999,-99.999,0.00,0.00,0.00,41.90278199,012.49636600,0.000,202.448,200.000,-200.000,202.448,-200.000,-200.000,40.206,04400201*5F
$AIPOV,045248.7087,40.184,40.184,-40.184,99.999,-99.999,-99.999,0.00,0.00,0.00,41.90278199,012.49636600,0.000,203.676,200.000,-200.000,203.676,-200.000,-200.000,40.184,04400201*5B
$AIPOV,045248.7587,40.164,40.164,-40.164,99.999,-99.999,-99.999,0.00,0.00,0.00,41.90278199,012.49636600,0.000,204.543,200.000,-200.000,204.543,-200.000,-200.000,40.164,04400201*5E
$AIPOV,045248.8087,40.145,40.145,-40.145,99.999,-99.999,-99.999,0.00,0.00,0.00,41.90278199,012.49636600,0.000,204.965,200.000,-200.000,204.965,-200.000,-200.000,40.145,04400201*54
$AIPOV,045248.8587,40.126,40.126,-40.126,99.999,-99.999,-99.999,0.00,0.00,0.00,41.90278199,012.49636600,0.000,204.903,200.000,-200.000,204.903,-200.000,-200.000,40.126,04400201*51
$AIPOV,045248.9087,40.109,40.109,-40.109,99.999,-99.999,-99.999,0.00,0.00,0.00,41.90278199,012.49636600,0.000,204.361,200.000,-200.000,204.361,-200.000,-200.000,40.109,04400201*55
$AIPOV,045248.9587,40.094,40.094,-40.094,99.999,-99.999,-99.999,0.00,0.00,0.00,41.90278199,012.49636600,0.000,203.391,200.000,-200.000,203.391,-200.000,-200.000,40.094,04400201*50
$AIPOV,045249.0087,40.079,40.079,-40.079,99.999,-99.999,-99.999,0.00,0.00,0.00,41.90278199,012.49636600,0.000,202.089,200.000,-200.000,202.089,-200.000,-200.000,40.079,04400201*5D
$AIPOV,045249.0587,40.066,40.066,-40.066,99.999,-99.999,-99.999,0.00,0.00,0.00,41.90278199,012.49636600,0.000,200.584,200.000,-200.000,200.584,-200.000,-200.000,40.066,04400201*58
$AIPOV,045249.1087,40.054,40.054,-40.054,99.999,-99.999,-99.999,0.00,0.00,0.00,41.90278199,012.49636600,0.000,199.021,200.000,-200.000,199.021,-200.000,-200.000,40.054,04400201*5C
$AIPOV,045249.1587,40.043,40.043,-40.043,99.999,-99.999,-99.999,0.00,0.00,0.00,41.90278199,012.49636600,0.000,197.554,200.000,-200.000,197.554,-200.000,-200.000,40.043,04400201*59
$AIPOV,045249.2087,40.033,40.033,-40.033,99.999,-99.999,-99.999,0.00,0.00,0.00,41.90278199,012.49636600,0.000,196.326,200.000,-200.000,196.326,-200.000,-200.000,40.033,04400201*5F
$AIPOV,045249.2587,40.025,40.025,-40.025,99.999,-99.999,-99.999,0.00,0.00,0.00,41.90278199,012.49636600,0.000,195.458,200.000,-200.000,195.458,-200.000,-200.000,40.025,04400201*5A
$AIPOV,045249.3087,40.017,40.017,-40.017,99.999,-99.999,-99.999,0.00,0.00,0.00,41.90278199,012.49636600,0.000,195.034,200.000,-200.000,195.034,-200.000,-200.000,40.017,04400201*5E
$AIPOV,045249.3587,40.011,40.011,-40.011,99.999,-99.999,-99.999,0.00,0.00,0.00,41.90278199,012.49636600,0.000,195.096,200.000,-200.000,195.096,-200.000,-200.000,40.011,04400201*5B
$AIPOV,045249.4087,40.007,40.007,-40.007,99.999,-99.999,-99.999,0.00,0.00,0.00,41.90278199,012.49636600,0.000,195.639,200.000,-200.000,195.639,-200.000,-200.000,40.007,04400201*59
$AIPOV,045249.4587,40.003,40.003,-40.003,99.999,-99.999,-99.999,0.00,0.00,0.00,41.90278199,012.49636600,0.000,196.607,200.000,-200.000,196.607,-200.000,-200.000,40.003,04400201*5C
$AIPOV,045249.5087,40.001,40.001,-40.001,99.999,-99.999,-99.999,0.00,0.00,0.00,41.90278199,012.49636600,0.000,197.909,200.000,-200.000,197.909,-200.000,-200.000,40.001,04400201*58
$AIPOV,045249.5587,40.000,40.000,-40.000,99.999,-99.999,-99.999,0.00,0.00,0.00,41.90278199,012.49636600,0.000,199.414,200.000,-200.000,199.414,-200.000,-200.000,40.000,04400201*5D
$AIPOV,045249.6087,40.000,40.000,-40.000,99.999,-99.999,-99.999,0.00,0.00,0.00,41.90278199,012.49636600,0.000,200.982,200.000,-200.000,200.982,-200.000,-200.000,40.000,04400201*5B
$AIPOV,045249.6587,40.001,40.001,-40.001,99.999,-99.999,-99.999,0.00,0.00,0.00,41.90278199,012.49636600,0.000,202.447,200.000,-200.000,202.447,-200.000,-200.000,40.001,04400201*5E
$AIPOV,045249.7087,40.004,40.004,-40.004,99.999,-99.999,-99.999,0.00,0.00,0.00,41.90278199,012.49636600,0.000,203.676,200.000,-200.000,203.676,-200.000,-200.000,40.004,04400201*5A
$AIPOV,045249.7587,40.008,40.008,-40.008,99.999,-99.999,-99.999,0.00,0.00,0.00,41.90278199,012.49636600,0.000,204.543,200.000,-200.000,204.543,-200.000,-200.000,40.008,04400201*5F
$AIPOV,045249.8087,40.013,40.013,-40.013,99.999,-99.999,-99.999,0.00,0.00,0.00,41.90278199,012.49636600,0.000,204.966,200.000,-200.000,204.966,-200.000,-200.000,40.013,04400201*55
$AIPOV,045249.8587,40.019,40.019,-40.019,99.999,-99.999,-99.999,0.00,0.00,0.00,41.90278199,012.49636600,0.000,204.903,200.000,-200.000,204.903,-200.000,-200.000,40.019,04400201*50
$AIPOV,045249.9087,40.027,40.027,-40.027,99.999,-99.999,-99.999,0.00,0.00,0.00,41.90278199,012.49636600,0.000,204.360,200.000,-200.000,204.360,-200.000,-200.000,40.027,04400201*54
$AIPOV,045249.9587,40.035,40.035,-40.035,99.999,-99.999,-99.999,0.00,0.00,0.00,41.90278199,012.49636600,0.000,203.391,200.000,-200.000,203.391,-200.000,-200.000,40.035,04400201*51
$AIPOV,045250.0087,40.045,40.045,-40.045,99.999,-99.999,-99.999,0.00,0.00,0.00,41.90278199,012.49636600,0.000,202.087,200.000,-200.000,202.087,-200.000,-200.000,40.045,04400201*55
$AIPOV,045250.0587,40.057,40.057,-40.057,99.999,-99.999,-99.999,0.00,0.00,0.00,41.90278199,012.49636600,0.000,200.584,200.000,-200.000,200.584,-200.000,-200.000,40.057,04400201*50
$AIPOV,045250.1087,40.069,40.069,-40.069,99.999,-99.999,-99.999,0.00,0.00,0.00,41.90278199,012.49636600,0.000,199.022,200.000,-200.000,199.022,-200.000,-200.000,40.069,04400201*54
$AIPOV,045250.1587,40.083,40.083,-40.083,99.999,-99.999,-99.999,0.00,0.00,0.00,41.90278199,012.49636600,0.000,197.554,200.000,-200.000,197.554,-200.000,-200.000,40.083,04400201*51
$AIPOV,045250.2087,40.098,40.098,-40.098,99.999,-99.999,-99.999,0.00,0.00,0.00,41.90278199,012.49636600,0.000,196.326,200.000,-200.000,196.326,-200.000,-200.000,40.098,04400201*57
$AIPOV,045250.2587,40.114,40.114,-40.114,99.999,-99.999,-99.999,0.00,0.00,0.00,41.90278199,012.49636600,0.000,195.457,200.000,-200.000,195.457,-200.000,-200.000,40.114,04400201*52
$AIPOV,045250.3087,40.131,40.131,-40.131,99.999,-99.999,-99.999,0.00,0.00,0.00,41.90278199,012.49636600,0.000,195.034,200.000,-200.000,195.034,-200.000,-200.000,40.131,04400201*56
$AIPOV,045250.3587,40.149,40.149,-40.149,99.999,-99.999,-99.999,0.00,0.00,0.00,41.90278199,012.49636600,0.000,195.096,200.000,-200.000,195.096,-200.000,-200.000,40.149,04400201*53
$AIPOV,045250.4087,40.169,40.169,-40.169,99.999,-99.999,-99.999,0.00,0.00,0.00,41.90278199,012.49636600,0.000,195.638,200.000,-200.000,195.638,-200.000,-200.000,40.169,04400201*51
$AIPOV,045250.4587,40.190,40.190,-40.190,99.999,-99.999,-99.999,0.00,0.00,0.00,41.90278199,012.49636600,0.000,196.607,200.000,-200.000,196.607,-200.000,-200.000,40.190,04400201*54
$AIPOV,045250.5087,40.212,40.212,-40.212,99.999,-99.999,-99.999,0.00,0.00,0.00,41.90278199,012.49636600,0.000,197.910,200.000,-200.000,197.910,-200.000,-200.000,40.212,04400201*50
$AIPOV,045250.5587,40.235,40.235,-40.235,99.999,-99.999,-99.999,0.00,0.00,0.00,41.90278199,012.49636600,0.000,199.415,200.000,-200.000,199.415,-200.000,-200.000,40.235,04400201*55
$AIPOV,045250.6087,40.260,40.260,-40.260,99.999,-99.999,-99.999,0.00,0.00,0.00,41.90278199,012.49636600,0.000,200.981,200.000,-200.000,200.981,-200.000,-200.000,40.260,04400201*53
$AIPOV,045250.6587,40.285,40.285,-40.285,99.999,-99.999,-99.999,0.00,0.00,0.00,41.90278199,012.49636600,0.000,202.446,200.000,-200.000,202.446,-200.000,-200.000,40.285,04400201*56
$AIPOV,045250.7087,40.312,40.312,-40.312,99.999,-99.999,-99.999,0.00,0.00,0.00,41.90278199,012.49636600,0.000,203.676,200.000,-200.000,203.676,-200.000,-200.000,40.312,04400201*52
$AIPOV,045250.7587,40.340,40.340,-40.340,99.999,-99.999,-99.999,0.00,0.00,0.00,41.90278199,012.49636600,0.000,204.543,200.000,-200.000,204.543,-200.000,-200.000,40.340,04400201*57
$AIPOV,045250.8087,40.369,40.369,-40.369,99.999,-99.999,-99.999,0.00,0.00,0.00,41.90278199,012.49636600,0.000,204.965,200.000,-200.000,204.965,-200.000,-200.000,40.369,04400201*5D
$AIPOV,045250.8587,40.399,40.399,-40.399,99.999,-99.999,-99.999,0.00,0.00,0.00,41.90278199,012.49636600,0.000,204.903,200.000,-200.000,204.903,-200.000,-200.000,40.399,04400201*58
$AIPOV,045250.9087,40.430,40.430,-40.430,99.999,-99.999,-99.999,0.00,0.00,0.00,41.90278199,012.49636600,0.000,204.361,200.000,-200.000,204.361,-200.000,-200.000,40.430,04400201*5C
$AIPOV,045250.9587,40.463,40.463,-40.463,99.999,-99.999,-99.999,0.00,0.00,0.00,41.90278199,012.49636600,0.000,203.391,200.000,-200.000,203.391,-200.000,-200.000,40.463,04400201*59
$AIPOV,045251.0087,40.497,40.497,-40.497,99.999,-99.999,-99.999,0.00,0.00,0.00,41.90278199,012.49636600,0.000,202.090,200.000,-200.000,202.090,-200.000,-200.000,40.497,04400201*54
$AIPOV,045251.0587,40.531,40.531,-40.531,99.999,-99.999,-99.999,0.00,0.00,0.00,41.90278199,012.49636600,0.000,200.584,200.000,-200.000,200.584,-200.000,-200.000,40.531,04400201*51
$AIPOV,045251.1087,40.567,40.567,-40.567,99.999,-99.999,-99.999,0.00,0.00,0.00,41.90278199,012.49636600,0.000,199.021,200.000,-200.000,199.021,-200.000,-200.000,40.567,04400201*55
$AIPOV,045251.1587,40.604,4