=~=~=~=~=~=~=~=~=~=~=~= PuTTY log 2020.09.24 13:40:15 =~=~=~=~=~=~=~=~=~=~=~=
$HEHDT,43.48,T*24
$PHTRH,43.48,P,43.48,T,5.00,O*06
$PIXSE,STATUS,00000000,00010000*6E
$HEHDT,43.56,T*2B
$PHTRH,43.56,P,43.56,T,5.00,O*06
$PIXSE,STATUS,00000000,00010000*6E
$HEHDT,43.63,T*2D
$PHTRH,43.63,P,43.63,T,5.00,O*06
$PIXSE,STATUS,00000000,00010000*6E
$HEHDT,43.71,T*2E
$PHTRH,43.71,P,43.71,T,5.00,O*06
$PIXSE,STATUS,00000000,00010000*6E
$HEHDT,43.79,T*26
$PHTRH,43.79,P,43.79,T,5.00,O*06
$PIXSE,STATUS,00000000,00010000*6E
$HEHDT,43.86,T*26
$PHTRH,43.86,P,43.86,T,5.00,O*06
$PIXSE,STATUS,00000000,00010000*6E
$HEHDT,43.94,T*25
$PHTRH,43.94,P,43.94,T,5.00,O*06
$PIXSE,STATUS,00000000,00010000*6E
$HEHDT,44.02,T*2D
$PHTRH,44.02,P,44.02,T,5.00,O*06
$PIXSE,STATUS,00000000,00010000*6E
$HEHDT,44.09,T*26
$PHTRH,44.09,P,44.09,T,5.00,O*06
$PIXSE,STATUS,00000000,00010000*6E
$HEHDT,44.17,T*29
$PHTRH,44.17,P,44.17,T,5.00,O*06
$PIXSE,STATUS,00000000,00010000*6E
$HEHDT,44.25,T*28
$PHTRH,44.25,P,44.25,T,5.00,O*06
$PIXSE,STATUS,00000000,00010000*6E
$HEHDT,44.33,T*2F
$PHTRH,44.33,P,44.33,T,5.00,O*06
$PIXSE,STATUS,00000000,00010000*6E
$HEHDT,44.40,T*2B
$PHTRH,44.40,P,44.40,T,5.00,O*06
$PIXSE,STATUS,00000000,00010000*6E
$HEHDT,44.48,T*23
$PHTRH,44.48,P,44.48,T,5.00,O*06
$PIXSE,STATUS,00000000,00010000*6E
$HEHDT,44.56,T*2C
$PHTRH,44.56,P,44.56,T,5.00,O*06
$PIXSE,STATUS,00000000,00010000*6E
$HEHDT,44.64,T*2D
$PHTRH,44.64,P,44.64,T,5.00,O*06
$PIXSE,STATUS,00000000,00010000*6E
$HEHDT,44.72,T*2A
$PHTRH,44.72,P,44.72,T,5.00,O*06
$PIXSE,STATUS,00000000,00010000*6E
$HEHDT,44.79,T*21
$PHTRH,44.79,P,44.79,T,5.00,O*06
$PIXSE,STATUS,00000000,00010000*6E
$HEHDT,44.87,T*20
$PHTRH,44.87,P,44.87,T,5.00,O*06
$PIXSE,STATUS,00000000,00010000*6E
$HEHDT,44.95,T*23
$PHTRH,44.95,P,44.95,T,5.00,O*06
$PIXSE,STATUS,00000000,00010000*6E
$HEHDT,45.03,T*2D
$PHTRH,45.03,P,45.03,T,5.00,O*06
$PIXSE,STATUS,00000000,00010000*6E
$HEHDT,45.11,T*2E
$PHTRH,45.11,P,45.11,T,5.00,O*06
$PIXSE,STATUS,00000000,00010000*6E
$HEHDT,45.19,T*26
$PHTRH,45.19,P,45.19,T,5.00,O*06
$PIXSE,STATUS,00000000,00010000*6E
$HEHDT,45.27,T*2B
$PHTRH,45.27,P,45.27,T,5.00,O*06
$PIXSE,STATUS,00000000,00010000*6E
$HEHDT,45.34,T*29
$PHTRH,45.34,P,45.34,T,5.00,O*06
$PIXSE,STATUS,00000000,00010000*6E
$HEHDT,45.42,T*28
$PHTRH,45.42,P,45.42,T,5.00,O*06
$PIXSE,STATUS,00000000,00010000*6E
$HEHDT,45.50,T*2B
$PHTRH,45.50,P,45.50,T,5.00,O*06
$PIXSE,STATUS,00000000,00010000*6E
$HEHDT,45.58,T*23
$PHTRH,45.58,P,45.58,T,5.00,O*06
$PIXSE,STATUS,00000000,00010000*6E
$HEHDT,45.66,T*2E
$PHTRH,45.66,P,45.66,T,5.00,O*06
$PIXSE,STATUS,00000000,00010000*6E
$HEHDT,45.73,T*2A
$PHTRH,45.73,P,45.73,T,5.00,O*06
$PIXSE,STATUS,00000000,00010000*6E
$HEHDT,45.81,T*27
$PHTRH,45.81,P,45.81,T,5.00,O*06
$PIXSE,STATUS,00000000,00010000*6E
$HEHDT,45.89,T*2F
$PHTRH,45.89,P,45.89,T,5.00,O*06
$PIXSE,STATUS,00000000,00010000*6E
$HEHDT,45.97,T*20
$PHTRH,45.97,P,45.97,T,5.00,O*06
$PIXSE,STATUS,00000000,00010000*6E
$HEHDT,46.04,T*29
$PHTRH,46.04,P,46.04,T,5.00,O*06
$PIXSE,STATUS,00000000,00010000*6E
$HEHDT,46.12,T*2E
$PHTRH,46.12,P,46.12,T,5.00,O*06
$PIXSE,STATUS,00000000,00010000*6E
$HEHDT,46.20,T*2F
$PHTRH,46.20,P,46.20,T,5.00,O*06
$PIXSE,STATUS,00000000,00010000*6E
$HEHDT,46.27,T*28
$PHTRH,46.27,P,46.27,T,5.00,O*06
$PIXSE,STATUS,00000000,00010000*6E
$HEHDT,46.35,T*2B
$PHTRH,46.35,P,46.35,T,5.00,O*06
$PIXSE,STATUS,00000000,00010000*6E
$HEHDT,46.42,T*2B
$PHTRH,46.42,P,46.42,T,5.00,O*06
$PIXSE,STATUS,00000000,00010000*6E
$HEHDT,46.50,T*28
$PHTRH,46.50,P,46.50,T,5.00,O*06
$PIXSE,STATUS,00000000,00010000*6E
$HEHDT,46.57,T*2F
$PHTRH,46.57,P,46.57,T,5.00,O*06
$PIXSE,STATUS,00000000,00010000*6E
$HEHDT,46.65,T*2E
$PHTRH,46.65,P,46.65,T,5.00,O*06
$PIXSE,STATUS,00000000,00010000*6E
$HEHDT,46.72,T*28
$PHTRH,46.72,P,46.72,T,5.00,O*06
$PIXSE,STATUS,00000000,00010000*6E
$HEHDT,46.80,T*25
$PHTRH,46.80,P,46.80,T,5.00,O*06
$PIXSE,STATUS,00000000,00010000*6E
$HEHDT,46.87,T*22
$PHTRH,46.87,P,46.87,T,5.00,O*06
$PIXSE,STATUS,00000000,00010000*6E
$HEHDT,46.94,T*20
$PHTRH,46.94,P,46.94,T,5.00,O*06
$PIXSE,STATUS,00000000,00010000*6E
$HEHDT,47.01,T*2D
$PHTRH,47.01,P,47.01,T,5.00,O*06
$PIXSE,STATUS,00000000,00010000*6E
$HEHDT,47.08,T*24
$PHTRH,47.08,P,47.08,T,5.00,O*06
$PIXSE,STATUS,00000000,00010000*6E
$HEHDT,47.16,T*2B
$PHTRH,47.16,P,47.16,T,5.00,O*06
$PIXSE,STATUS,00000000,00010000*6E
$HEHDT,47.23,T*2D
$PHTRH,47.23,P,47.23,T,5.00,O*06
$PIXSE,STATUS,00000000,00010000*6E
$HEHDT,47.30,T*2F
$PHTRH,47.30,P,47.30,T,5.00,O*06
$PIXSE,STATUS,00000000,00010000*6E
$HEHDT,47.37,T*28
$PHTRH,47.37,P,47.37,T,5.00,O*06
$PIXSE,STATUS,00000000,00010000*6E
$HEHDT,47.43,T*2B
$PHTRH,47.43,P,47.43,T,5.00,O*06
$PIXSE,STATUS,00000000,00010000*6E
$HEHDT,47.50,T*29
$PHTRH,47.50,P,47.50,T,5.00,O*06
$PIXSE,STATUS,00000000,00010000*6E
$HEHDT,47.57,T*2E
$PHTRH,47.57,P,47.57,T,5.00,O*06
$PIXSE,STATUS,00000000,00010000*6E
$HEHDT,47.64,T*2E
$PHTRH,47.64,P,47.64,T,5.00,O*06
$PIXSE,STATUS,00000000,00010000*6E
$HEHDT,47.70,T*2B
$PHTRH,47.70,P,47.70,T,5.00,O*06
$PIXSE,STATUS,00000000,00010000*6E
$HEHDT,47.77,T*2C
$PHTRH,47.77,P,47.77,T,5.00,O*06
$PIXSE,STATUS,00000000,00010000*6E
$HEHDT,47.83,T*27
$PHTRH,47.83,P,47.83,T,5.00,O*06
$PIXSE,STATUS,00000000,00010000*6E
$HEHDT,47.90,T*25
$PHTRH,47.90,P,47.90,T,5.00,O*06
$PIXSE,STATUS,00000000,00010000*6E
$HEHDT,47.96,T*23
$PHTRH,47.96,P,47.96,T,5.00,O*06
$PIXSE,STATUS,00000000,00010000*6E
$HEHDT,48.03,T*20
$PHTRH,48.03,P,48.03,T,5.00,O*06
$PIXSE,STATUS,00000000,00010000*6E
$HEHDT,48.09,T*2A
$PHTRH,48.09,P,48.09,T,5.00,O*06
$PIXSE,STATUS,00000000,00010000*6E
$HEHDT,48.15,T*27
$PHTRH,48.15,P,48.15,T,5.00,O*06
$PIXSE,STATUS,00000000,00010000*6E
$HEHDT,48.21,T*20
$PHTRH,48.21,P,48.21,T,5.00,O*06
$PIXSE,STATUS,00000000,00010000*6E
$HEHDT,48.27,T*26
$PHTRH,48.27,P,48.27,T,5.00,O*06
$PIXSE,STATUS,00000000,00010000*6E
$HEHDT,48.33,T*23
$PHTRH,48.33,P,48.33,T,5.00,O*06
$PIXSE,STATUS,00000000,00010000*6E
$HEHDT,48.39,T*29
$PHTRH,48.39,P,48.39,T,5.00,O*06
$PIXSE,STATUS,00000000,00010000*6E
$HEHDT,48.44,T*23
$PHTRH,48.44,P,48.44,T,5.00,O*06
$PIXSE,STATUS,00000000,00010000*6E
$HEHDT,48.50,T*26
$PHTRH,48.50,P,48.50,T,5.00,O*06
$PIXSE,STATUS,00000000,00010000*6E
$HEHDT,48.56,T*20
$PHTRH,48.56,P,48.56,T,5.00,O*06
$PIXSE,STATUS,00000000,00010000*6E
$HEHDT,48.61,T*24
$PHTRH,48.61,P,48.61,T,5.00,O*06
$PIXSE,STATUS,00000000,00010000*6E
$HEHDT,48.66,T*23
$PHTRH,48.66,P,48.66,T,5.00,O*06
$PIXSE,STATUS,00000000,00010000*6E
$HEHDT,48.72,T*26
$PHTRH,48.72,P,48.72,T,5.00,O*06
$PIXSE,STATUS,00000000,00010000*6E
$HEHDT,48.77,T*23
$PHTRH,48.77,P,48.77,T,5.00,O*06
$PIXSE,STATUS,00000000,00010000*6E
$HEHDT,48.82,T*29
$PHTRH,48.82,P,48.82,T,5.00,O*06
$PIXSE,STATUS,00000000,00010000*6E
$HEHDT,48.87,T*2C
$PHTRH,48.87,P,48.87,T,5.00,O*06
$PIXSE,STATUS,00000000,00010000*6E
$HEHDT,48.92,T*28
$PHTRH,48.92,P,48.92,T,5.00,O*06
$PIXSE,STATUS,00000000,00010000*6E
$HEHDT,48.97,T*2D
$PHTRH,48.97,P,48.97,T,5.00,O*06
$PIXSE,STATUS,00000000,00010000*6E
$HEHDT,49.01,T*23
$PHTRH,49.01,P,49.01,T,5.00,O*06
$PIXSE,STATUS,00000000,00010000*6E
$HEHDT,49.06,T*24
$PHTRH,49.06,P,49.06,T,5.00,O*06
$PIXSE,STATUS,00000000,00010000*6E
$HEHDT,49.11,T*22
$PHTRH,49.11,P,49.11,T,5.00,O*06
$PIXSE,STATUS,00000000,00010000*6E
$HEHDT,49.15,T*26
$PHTRH,49.15,P,49.15,T,5.00,O*06
$PIXSE,STATUS,00000000,00010000*6E
$HEHDT,49.19,T*2A
$PHTRH,49.19,P,49.19,T,5.00,O*06
$PIXSE,STATUS,00000000,00010000*6E
$HEHDT,49.24,T*24
$PHTRH,49.24,P,49.24,T,5.00,O*06
$PIXSE,STATUS,00000000,00010000*6E
$HEHDT,49.28,T*28
$PHTRH,49.28,P,49.28,T,5.00,O*06
$PIXSE,STATUS,00000000,00010000*6E
$HEHDT,49.32,T*23
$PHTRH,49.32,P,49.32,T,5.00,O*06
$PIXSE,STATUS,00000000,00010000*6E
$HEHDT,49.36,T*27
$PHTRH,49.36,P,49.36,T,5.00,O*06
$PIXSE,STATUS,00000000,00010000*6E
$HEHDT,49.39,T*28
$PHTRH,49.39,P,49.39,T,5.00,O*06
$PIXSE,STATUS,00000000,00010000*6E
$HEHDT,49.43,T*25
$PHTRH,49.43,P,49.43,T,5.00,O*06
$PIXSE,STATUS,00000000,00010000*6E
$HEHDT,49.47,T*21
$PHTRH,49.47,P,49.47,T,5.00,O*06
$PIXSE,STATUS,00000000,00010000*6E
$HEHDT,49.50,T*27
$PHTRH,49.50,P,49.50,T,5.00,O*06
$PIXSE,STATUS,00000000,00010000*6E
$HEHDT,49.53,T*24
$PHTRH,49.53,P,49.53,T,5.00,O*06
$PIXSE,STATUS,00000000,00010000*6E
$HEHDT,49.57,T*20
$PHTRH,49.57,P,49.57,T,5.00,O*06
$PIXSE,STATUS,00000000,00010000*6E
$HEHDT,49.60,T*24
$PHTRH,49.60,P,49.60,T,5.00,O*06
$PIXSE,STATUS,00000000,00010000*6E
$HEHDT,49.63,T*27
$PHTRH,49.63,P,49.63,T,5.00,O*06
$PIXSE,STATUS,00000000,00010000*6E
$HEHDT,49.66,T*22
$PHTRH,49.66,P,49.66,T,5.00,O*06
$PIXSE,STATUS,00000000,00010000*6E
$HEHDT,49.68,T*2C
$PHTRH,49.68,P,49.68,T,5.00,O*06
$PIXSE,STATUS,00000000,00010000*6E
$HEHDT,49.71,T*24
$PHTRH,49.71,P,49.71,T,5.00,O*06
$PIXSE,STATUS,00000000,00010000*6E
$HEHDT,49.74,T*21
$PHTRH,49.74,P,49.74,T,5.00,O*06
$PIXSE,STATUS,00000000,00010000*6E
$HEHDT,49.76,T*23
$PHTRH,49.76,P,49.76,T,5.00,O*06
$PIXSE,STATUS,00000000,00010000*6E
$HEHDT,49.78,T*2D
$PHTRH,49.78,P,49.78,T,5.00,O*06
$PIXSE,STATUS,00000000,00010000*6E
$HEHDT,49.81,T*2B
$PHTRH,49.81,P,49.81,T,5.00,O*06
$PIXSE,STATUS,00000000,00010000*6E
$HEHDT,49.83,T*29
$PHTRH,49.83,P,49.83,T,5.00,O*06
$PIXSE,STATUS,00000000,00010000*6E
$HEHDT,49.85,T*2F
$PHTRH,49.85,P,49.85,T,5.00,O*06
$PIXSE,STATUS,00000000,00010000*6E
$HEHDT,49.86,T*2C
$PHTRH,49.86,P,49.86,T,5.00,O*06
$PIXSE,STATUS,00000000,00010000*6E
$HEHDT,49.88,T*22
$PHTRH,49.88,P,49.88,T,5.00,O*06
$PIXSE,STATUS,00000000,00010000*6E
$HEHDT,49.90,T*2B
$PHTRH,49.90,P,49.90,T,5.00,O*06
$PIXSE,STATUS,00000000,00010000*6E
$HEHDT,49.91,T*2A
$PHTRH,49.91,P,49.91,T,5.00,O*06
$PIXSE,STATUS,00000000,00010000*6E
$HEHDT,49.93,T*28
$PHTRH,49.93,P,49.93,T,5.00,O*06
$PIXSE,STATUS,00000000,00010000*6E
$HEHDT,49.94,T*2F
$PHTRH,49.94,P,49.94,T,5.00,O*06
$PIXSE,STATUS,00000000,00010000*6E
$HEHDT,49.95,T*2E
$PHTRH,49.95,P,49.95,T,5.00,O*06
$PIXSE,STATUS,00000000,00010000*6E
$HEHDT,49.96,T*2D
$PHTRH,49.96,P,49.96,T,5.00,O*06
$PIXSE,STATUS,00000000,00010000*6E
$HEHDT,49.97,T*2C
$PHTRH,49.97,P,49.97,T,5.00,O*06
$PIXSE,STATUS,00000000,00010000*6E
$HEHDT,49.98,T*23
$PHTRH,49.98,P,49.98,T,5.00,O*06
$PIXSE,STATUS,00000000,00010000*6E
$HEHDT,49.98,T*23
$PHTRH,49.98,P,49.98,T,5.00,O*06
$PIXSE,STATUS,00000000,00010000*6E
$HEHDT,49.99,T*22
$PHTRH,49.99,P,49.99,T,5.00,O*06
$PIXSE,STATUS,00000000,00010000*6E
$HEHDT,49.99,T*22
$PHTRH,49.99,P,49.99,T,5.00,O*06
$PIXSE,STATUS,00000000,00010000*6E
$HEHDT,49.99,T*22
$PHTRH,49.99,P,49.99,T,5.00,O*06
$PIXSE,STATUS,00000000,00010000*6E
$HEHDT,49.99,T*22
$PHTRH,49.99,P,49.99,T,5.00,O*06
$PIXSE,STATUS,00000000,00010000*6E
$HEHDT,49.99,T*22
$PHTRH,49.99,P,49.99,T,5.00,O*06
$PIXSE,STATUS,00000000,00010000*6E
$HEHDT,49.99,T*22
$PHTRH,49.99,P,49.99,T,5.00,O*06
$PIXSE,STATUS,00000000,00010000*6E
$HEHDT,49.99,T*22
$PHTRH,49.99,P,49.99,T,5.00,O*06
$PIXSE,STATUS,00000000,00010000*6E
$HEHDT,49.99,T*22
$PHTRH,49.99,P,49.99,T,5.00,O*06
$PIXSE,STATUS,00000000,00010000*6E
$HEHDT,49.98,T*23
$PHTRH,49.98,P,49.98,T,5.00,O*06
$PIXSE,STATUS,00000000,00010000*6E
$HEHDT,49.98,T*23
$PHTRH,49.98,P,49.98,T,5.00,O*06
$PIXSE,STATUS,00000000,00010000*6E
$HEHDT,49.97,T*2C
$PHTRH,49.97,P,49.97,T,5.00,O*06
$PIXSE,STATUS,00000000,00010000*6E
$HEHDT,49.96,T*2D
$PHTRH,49.96,P,49.96,T,5.00,O*06
$PIXSE,STATUS,00000000,00010000*6E
$HEHDT,49.95,T*2E
$PHTRH,49.95,P,49.95,T,5.00,O*06
$PIXSE,STATUS,00000000,00010000*6E
$HEHDT,49.94,T*2F
$PHTRH,49.94,P,49.94,T,5.00,O*06
$PIXSE,STATUS,00000000,00010000*6E
$HEHDT,49.93,T*28
$PHTRH,49.93,P,49.93,T,5.00,O*06
$PIXSE,STATUS,00000000,00010000*6E
$HEHDT,49.91,T*2A
$PHTRH,49.91,P,49.91,T,5.00,O*06
$PIXSE,STATUS,00000000,00010000*6E
$HEHDT,49.90,T*2B
$PHTRH,49.90,P,49.90,T,5.00,O*06
$PIXSE,STATUS,00000000,00010000*6E
$HEHDT,49.88,T*22
$PHTRH,49.88,P,49.88,T,5.00,O*06
$PIXSE,STATUS,00000000,00010000*6E
$HEHDT,49.87,T*2D
$PHTRH,49.87,P,49.87,T,5.00,O*06
$PIXSE,STATUS,00000000,00010000*6E
$HEHDT,49.85,T*2F
$PHTRH,49.85,P,49.85,T,5.00,O*06
$PIXSE,STATUS,00000000,00010000*6E
$HEHDT,49.83,T*29
$PHTRH,49.83,P,49.83,T,5.00,O*06
$PIXSE,STATUS,00000000,00010000*6E
$HEHDT,49.81,T*2B
$PHTRH,49.81,P,49.81,T,5.00,O*06
$PIXSE,STATUS,00000000,00010000*6E
$HEHDT,49.79,T*2C
$PHTRH,49.79,P,49.79,T,5.00,O*06
$PIXSE,STATUS,00000000,00010000*6E
$HEHDT,49.76,T*23
$PHTRH,49.76,P,49.76,T,5.00,O*06
$PIXSE,STATUS,00000000,00010000*6E
$HEHDT,49.74,T*21
$PHTRH,49.74,P,49.74,T,5.00,O*06
$PIXSE,STATUS,00000000,00010000*6E
$HEHDT,49.71,T*24
$PHTRH,49.71,P,49.71,T,5.00,O*06
$PIXSE,STATUS,00000000,00010000*6E
$HEHDT,49.69,T*2D
$PHTRH,49.69,P,49.69,T,5.00,O*06
$PIXSE,STATUS,00000000,00010000*6E
$HEHDT,49.66,T*22
$PHTRH,49.66,P,49.66,T,5.00,O*06
$PIXSE,STATUS,00000000,00010000*6E
$HEHDT,49.63,T*27
$PHTRH,49.63,P,49.63,T,5.00,O*06
$PIXSE,STATUS,00000000,00010000*6E
$HEHDT,49.60,T*24
$PHTRH,49.60,P,49.60,T,5.00,O*06
$PIXSE,STATUS,00000000,00010000*6E
$HEHDT,49.57,T*20
$PHTRH,49.57,P,49.57,T,5.00,O*06
$PIXSE,STATUS,00000000,00010000*6E
$HEHDT,49.54,T*23
$PHTRH,49.54,P,49.54,T,5.00,O*06
$PIXSE,STATUS,00000000,00010000*6E
$HEHDT,49.50,T*27
$PHTRH,49.50,P,49.50,T,5.00,O*06
$PIXSE,STATUS,00000000,00010000*6E
$HEHDT,49.47,T*21
$PHTRH,49.47,P,49.47,T,5.00,O*06
$PIXSE,STATUS,00000000,00010000*6E
$HEHDT,49.43,T*25
$PHTRH,49.43,P,49.43,T,5.00,O*06
$PIXSE,STATUS,00000000,00010000*6E
$HEHDT,49.40,T*26
$PHTRH,49.40,P,49.40,T,5.00,O*06
$PIXSE,STATUS,00000000,00010000*6E
$HEHDT,49.36,T*27
$PHTRH,49.36,P,49.36,T,5.00,O*06
$PIXSE,STATUS,00000000,00010000*6E
$HEHDT,49.32,T*23
$PHTRH,49.32,P,49.32,T,5.00,O*06
$PIXSE,STATUS,00000000,00010000*6E
$HEHDT,49.28,T*28
$PHTRH,49.28,P,49.28,T,5.00,O*06
$PIXSE,STATUS,00000000,00010000*6E
$HEHDT,49.24,T*24
$PHTRH,49.24,P,49.24,T,5.00,O*06
$PIXSE,STATUS,00000000,00010000*6E
$HEHDT,49.20,T*20
$PHTRH,49.20,P,49.20,T,5.00,O*06
$PIXSE,STATUS,00000000,00010000*6E
$HEHDT,49.15,T*26
$PHTRH,49.15,P,49.15,T,5.00,O*06
$PIXSE,STATUS,00000000,00010000*6E
$HEHDT,49.11,T*22
$PHTRH,49.11,P,49.11,T,5.00,O*06
$PIXSE,STATUS,00000000,00010000*6E
$HEHDT,49.07,T*25
$PHTRH,49.07,P,49.07,T,5.00,O*06
$PIXSE,STATUS,00000000,00010000*6E
$HEHDT,49.02,T*20
$PHTRH,49.02,P,49.02,T,5.00,O*06
$PIXSE,STATUS,00000000,00010000*6E
$HEHDT,48.97,T*2D
$PHTRH,48.97,P,48.97,T,5.00,O*06
$PIXSE,STATUS,00000000,00010000*6E
$HEHDT,48.92,T*28
$PHTRH,48.92,P,48.92,T,5.00,O*06
$PIXSE,STATUS,00000000,00010000*6E
$HEHDT,48.88,T*23
$PHTRH,48.88,P,48.88,T,5.00,O*06
$PIXSE,STATUS,00000000,00010000*6E
$HEHDT,48.82,T*29
$PHTRH,48.82,P,48.82,T,5.00,O*06
$PIXSE,STATUS,00000000,00010000*6E
$HEHDT,48.77,T*23
$PHTRH,48.77,P,48.77,T,5.00,O*06
$PIXSE,STATUS,00000000,00010000*6E
$HEHDT,48.72,T*26
$PHTRH,48.72,P,48.72,T,5.00,O*06
$PIXSE,STATUS,00000000,00010000*6E
$HEHDT,48.67,T*22
$PHTRH,48.67,P,48.67,T,5.00,O*06
$PIXSE,STATUS,00000000,00010000*6E
$HEHDT,48.62,T*27
$PHTRH,48.62,P,48.62,T,5.00,O*06
$PIXSE,STATUS,00000000,00010000*6E
$HEHDT,48.56,T*20
$PHTRH,48.56,P,48.56,T,5.00,O*06
$PIXSE,STATUS,00000000,00010000*6E
$HEHDT,48.51,T*27
$PHTRH,48.51,P,48.51,T,5.00,O*06
$PIXSE,STATUS,00000000,00010000*6E
$HEHDT,48.45,T*22
$PHTRH,48.45,P,48.45,T,5.00,O*06
$PIXSE,STATUS,00000000,00010000*6E
$HEHDT,48.39,T*29
$PHTRH,48.39,P,48.39,T,5.00,O*06
$PIXSE,STATUS,00000000,00010000*6E
$HEHDT,48.33,T*23
$PHTRH,48.33,P,48.33,T,5.00,O*06
$PIXSE,STATUS,00000000,00010000*6E
$HEHDT,48.28,T*29
$PHTRH,48.28,P,48.28,T,5.00,O*06
$PIXSE,STATUS,00000000,00010000*6E
$HEHDT,48.22,T*23
$PHTRH,48.22,P,48.22,T,5.00,O*06
$PIXSE,STATUS,00000000,00010000*6E
$HEHDT,48.16,T*24
$PHTRH,48.16,P,48.16,T,5.00,O*06
$PIXSE,STATUS,00000000,00010000*6E
$HEHDT,48.09,T*2A
$PHTRH,48.09,P,48.09,T,5.00,O*06
$PIXSE,STATUS,00000000,00010000*6E
$HEHDT,48.03,T*20
$PHTRH,48.03,P,48.03,T,5.00,O*06
$PIXSE,STATUS,00000000,00010000*6E
$HEHDT,47.97,T*22
$PHTRH,47.97,P,47.97,T,5.00,O*06
$PIXSE,STATUS,00000000,00010000*6E
$HEHDT,47.91,T*24
$PHTRH,47.91,P,47.91,T,5.00,O*06
$PIXSE,STATUS,00000000,00010000*6E
$HEHDT,47.84,T*20
$PHTRH,47.84,P,47.84,T,5.00,O*06
$PIXSE,STATUS,00000000,00010000*6E
$HEHDT,47.78,T*23
$PHTRH,47.78,P,47.78,T,5.00,O*06
$PIXSE,STATUS,00000000,00010000*6E
$HEHDT,47.71,T*2A
$PHTRH,47.71,P,47.71,T,5.00,O*06
$PIXSE,STATUS,00000000,00010000*6E
$HEHDT,47.64,T*2E
$PHTRH,47.64,P,47.64,T,5.00,O*06
$PIXSE,STATUS,00000000,00010000*6E
$HEHDT,47.58,T*21
$PHTRH,47.58,P,47.58,T,5.00,O*06
$PIXSE,STATUS,00000000,00010000*6E
$HEHDT,47.51,T*28
$PHTRH,47.51,P,47.51,T,5.00,O*06
$PIXSE,STATUS,00000000,00010000*6E
$HEHDT,47.44,T*2C
$PHTRH,47.44,P,47.44,T,5.00,O*06
$PIXSE,STATUS,00000000,00010000*6E
$HEHDT,47.37,T*28
$PHTRH,47.37,P,47.37,T,5.00,O*06
$PIXSE,STATUS,00000000,00010000*6E
$HEHDT,47.30,T*2F
$PHTRH,47.30,P,47.30,T,5.00,O*06
$PIXSE,STATUS,00000000,00010000*6E
$HEHDT,47.23,T*2D
$PHTRH,47.23,P,47.23,T,5.00,O*06
$PIXSE,STATUS,00000000,00010000*6E
$HEHDT,47.16,T*2B
$PHTRH,47.16,P,47.16,T,5.00,O*06
$PIXSE,STATUS,00000000,00010000*6E
$HEHDT,47.09,T*25
$PHTRH,47.09,P,47.09,T,5.00,O*06
$PIXSE,STATUS,00000000,00010000*6E
$HEHDT,47.02,T*2E
$PHTRH,47.02,P,47.02,T,5.00,O*06
$PIXSE,STATUS,00000000,00010000*6E
$HEHDT,46.95,T*21
$PHTRH,46.95,P,46.95,T,5.00,O*06
$PIXSE,STATUS,00000000,00010000*6E
$HEHDT,46.88,T*2D
$PHTRH,46.88,P,46.88,T,5.00,O*06
$PIXSE,STATUS,00000000,00010000*6E
$HEHDT,46.80,T*25
$PHTRH,46.80,P,46.80,T,5.00,O*06
$PIXSE,STATUS,00000000,00010000*6E
$HEHDT,46.73,T*29
$PHTRH,46.73,P,46.73,T,5.00,O*06
$PIXSE,STATUS,00000000,00010000*6E
$HEHDT,46.66,T*2D
$PHTRH,46.66,P,46.66,T,5.00,O*06
$PIXSE,STATUS,00000000,00010000*6E
$HEHDT,46.58,T*20
$PHTRH,46.58,P,46.58,T,5.00,O*06
$PIXSE,STATUS,00000000,00010000*6E
$HEHDT,46.51,T*29
$PHTRH,46.51,P,46.51,T,5.00,O*06
$PIXSE,STATUS,00000000,00010000*6E
$HEHDT,46.43,T*2A
$PHTRH,46.43,P,46.43,T,5.00,O*06
$PIXSE,STATUS,00000000,00010000*6E
$HEHDT,46.36,T*28
$PHTRH,46.36,P,46.36,T,5.00,O*06
$PIXSE,STATUS,00000000,00010000*6E
$HEHDT,46.28,T*27
$PHTRH,46.28,P,46.28,T,5.00,O*06
$PIXSE,STATUS,00000000,00010000*6E
$HEHDT,46.20,T*2F
$PHTRH,46.20,P,46.20,T,5.00,O*06
$PIXSE,STATUS,00000000,00010000*6E
$HEHDT,46.13,T*2F
$PHTRH,46.13,P,46.13,T,5.00,O*06
$PIXSE,STATUS,00000000,00010000*6E
$HEHDT,46.05,T*28
$PHTRH,46.05,P,46.05,T,5.00,O*06
$PIXSE,STATUS,00000000,00010000*6E
$HEHDT,45.97,T*20
$PHTRH,45.97,P,45.97,T,5.00,O*06
$PIXSE,STATUS,00000000,00010000*6E
$HEHDT,45.90,T*27
$PHTRH,45.90,P,45.90,T,5.00,O*06
$PIXSE,STATUS,00000000,00010000*6E
$HEHDT,45.82,T*24
$PHTRH,45.82,P,45.82,T,5.00,O*06
$PIXSE,STATUS,00000000,00010000*6E
$HEHDT,45.74,T*2D
$PHTRH,45.74,P,45.74,T,5.00,O*06
$PIXSE,STATUS,00000000,00010000*6E
$HEHDT,45.66,T*2E
$PHTRH,45.66,P,45.66,T,5.00,O*06
$PIXSE,STATUS,00000000,00010000*6E
$HEHDT,45.59,T*22
$PHTRH,45.59,P,45.59,T,5.00,O*06
$PIXSE,STATUS,00000000,00010000*6E
$HEHDT,45.51,T*2A
$PHTRH,45.51,P,45.51,T,5.00,O*06
$PIXSE,STATUS,00000000,00010000*6E
$HEHDT,45.43,T*29
$PHTRH,45.43,P,45.43,T,5.00,O*06
$PIXSE,STATUS,00000000,00010000*6E
$HEHDT,45.35,T*28
$PHTRH,45.35,P,45.35,T,5.00,O*06
$PIXSE,STATUS,00000000,00010000*6E
$HEHDT,45.27,T*2B
$PHTRH,45.27,P,45.27,T,5.00,O*06
$PIXSE,STATUS,00000000,00010000*6E
$HEHDT,45.20,T*2C
$PHTRH,45.20,P,45.20,T,5.00,O*06
$PIXSE,STATUS,00000000,00010000*6E
$HEHDT,45.12,T*2D
$PHTRH,45.12,P,45.12,T,5.00,O*06
$PIXSE,STATUS,00000000,00010000*6E
$HEHDT,45.04,T*2A
$PHTRH,45.04,P,45.04,T,5.00,O*06
$PIXSE,STATUS,00000000,00010000*6E
$HEHDT,44.96,T*20
$PHTRH,44.96,P,44.96,T,5.00,O*06
$PIXSE,STATUS,00000000,00010000*6E
$HEHDT,44.88,T*2F
$PHTRH,44.88,P,44.88,T,5.00,O*06
$PIXSE,STATUS,00000000,00010000*6E
$HEHDT,44.80,T*27
$PHTRH,44.80,P,44.80,T,5.00,O*06
$PIXSE,STATUS,00000000,00010000*6E
$HEHDT,44.72,T*2A
$PHTRH,44.72,P,44.72,T,5.00,O*06
$PIXSE,STATUS,00000000,00010000*6E
$HEHDT,44.65,T*2C
$PHTRH,44.65,P,44.65,T,5.00,O*06
$PIXSE,STATUS,00000000,00010000*6E
$HEHDT,44.57,T*2D
$PHTRH,44.57,P,44.57,T,5.00,O*06
$PIXSE,STATUS,00000000,00010000*6E
$HEHDT,44.49,T*22
$PHTRH,44.49,P,44.49,T,5.00,O*06
$PIXSE,STATUS,00000000,00010000*6E
$HEHDT,44.41,T*2A
$PHTRH,44.41,P,44.41,T,5.00,O*06
$PIXSE,STATUS,00000000,00010000*6E
$HEHDT,44.33,T*2F
$PHTRH,44.33,P,44.33,T,5.00,O*06
$PIXSE,STATUS,00000000,00010000*6E
$HEHDT,44.26,T*2B
$PHTRH,44.26,P,44.26,T,5.00,O*06
$PIXSE,STATUS,00000000,00010000*6E
$HEHDT,44.18,T*26
$PHTRH,44.18,P,44.18,T,5.00,O*06
$PIXSE,STATUS,00000000,00010000*6E
$HEHDT,44.10,T*2E
$PHTRH,44.10,P,44.10,T,5.00,O*06
$PIXSE,STATUS,00000000,00010000*6E
$HEHDT,44.02,T*2D
$PHTRH,44.02,P,44.02,T,5.00,O*06
$PIXSE,STATUS,00000000,00010000*6E
$HEHDT,43.95,T*24
$PHTRH,43.95,P,43.95,T,5.00,O*06
$PIXSE,STATUS,00000000,00010000*6E
$HEHDT,43.87,T*27
$PHTRH,43.87,P,43.87,T,5.00,O*06
$PIXSE,STATUS,00000000,00010000*6E
$HEHDT,43.79,T*26
$PHTRH,43.79,P,43.79,T,5.00,O*06
$PIXSE,STATUS,00000000,00010000*6E
$HEHDT,43.72,T*2D
$PHTRH,43.72,P,43.72,T,5.00,O*06
$PIXSE,STATUS,00000000,00010000*6E
$HEHDT,43.64,T*2A
$PHTRH,43.64,P,43.64,T,5.00,O*06
$PIXSE,STATUS,00000000,00010000*6E
$HEHDT,43.57,T*2A
$PHTRH,43.57,P,43.57,T,5.00,O*06
$PIXSE,STATUS,00000000,00010000*6E
$HEHDT,43.49,T*25
$PHTRH,43.49,P,43.49,T,5.00,O*06
$PIXSE,STATUS,00000000,00010000*6E
$HEHDT,43.42,T*2E
$PHTRH,43.42,P,43.42,T,5.00,O*06
$PIXSE,STATUS,00000000,00010000*6E
$HEHDT,43.34,T*2F
$PHTRH,43.34,P,43.34,T,5.00,O*06
$PIXSE,STATUS,00000000,00010000*6E
$HEHDT,43.27,T*2D
$PHTRH,43.27,P,43.27,T,5.00,O*06
$PIXSE,STATUS,00000000,00010000*6E
$HEHDT,43.19,T*20
$PHTRH,43.19,P,43.19,T,5.00,O*06
$PIXSE,STATUS,00000000,00010000*6E
$HEHDT,43.12,T*2B
$PHTRH,43.12,P,43.12,T,5.00,O*06
$PIXSE,STATUS,00000000,00010000*6E
$HEHDT,43.05,T*2D
$PHTRH,43.05,P,43.05,T,5.00,O*06
$PIXSE,STATUS,00000000,00010000*6E
$HEHDT,42.98,T*28
$PHTRH,42.98,P,42.98,T,5.00,O*06
$PIXSE,STATUS,00000000,00010000*6E
$HEHDT,42.91,T*21
$PHTRH,42.91,P,42.91,T,5.00,O*06
$PIXSE,STATUS,00000000,00010000*6E
$HEHDT,42.83,T*22
$PHTRH,42.83,P,42.83,T,5.00,O*06
$PIXSE,STATUS,00000000,00010000*6E
$HEHDT,42.76,T*28
$PHTRH,42.76,P,42.76,T,5.00,O*06
$PIXSE,STATUS,00000000,00010000*6E
$HEHDT,42.69,T*26
$PHTRH,42.69,P,42.69,T,5.00,O*06
$PIXSE,STATUS,00000000,00010000*6E
$HEHDT,42.62,T*2D
$PHTRH,42.62,P,42.62,T,5.00,O*06
$PIXSE,STATUS,00000000,00010000*6E
$HEHDT,42.56,T*2A
$PHTRH,42.56,P,42.56,T,5.00,O*06
$PIXSE,STATUS,00000000,00010000*6E
$HEHDT,42.49,T*24
$PHTRH,42.49,P,42.49,T,5.00,O*06
$PIXSE,STATUS,00000000,00010000*6E
