=~=~=~=~=~=~=~=~=~=~=~= PuTTY log 2020.09.24 13:45:27 =~=~=~=~=~=~=~=~=~=~=~=
$HEHDT,41.96,T*25
$HEROT,5999.99,A*27
$HEHDT,41.90,T*23
$HEROT,5999.99,A*27
$HEHDT,41.84,T*26
$HEROT,5999.99,A*27
$HEHDT,41.78,T*25
$HEROT,5999.99,A*27
$HEHDT,41.72,T*2F
$HEROT,5999.99,A*27
$HEHDT,41.66,T*2A
$HEROT,5999.99,A*27
$HEHDT,41.60,T*2C
$HEROT,5999.99,A*27
$HEHDT,41.55,T*2A
$HEROT,5999.99,A*27
$HEHDT,41.49,T*27
$HEROT,5999.99,A*27
$HEHDT,41.43,T*2D
$HEROT,5999.99,A*27
$HEHDT,41.38,T*21
$HEROT,5999.99,A*27
$HEHDT,41.33,T*2A
$HEROT,5999.99,A*27
$HEHDT,41.27,T*2F
$HEROT,5999.99,A*27
$HEHDT,41.22,T*2A
$HEROT,5999.99,A*27
$HEHDT,41.17,T*2C
$HEROT,5999.99,A*27
$HEHDT,41.12,T*29
$HEROT,5999.99,A*27
$HEHDT,41.07,T*2D
$HEROT,5999.99,A*27
$HEHDT,41.02,T*28
$HEROT,5999.99,A*27
$HEHDT,40.98,T*2A
$HEROT,5999.99,A*27
$HEHDT,40.93,T*21
$HEROT,5999.99,A*27
$HEHDT,40.88,T*2B
$HEROT,5999.99,A*27
$HEHDT,40.84,T*27
$HEROT,5999.99,A*27
$HEHDT,40.80,T*23
$HEROT,5999.99,A*27
$HEHDT,40.75,T*29
$HEROT,5999.99,A*27
$HEHDT,40.71,T*2D
$HEROT,5999.99,A*27
$HEHDT,40.67,T*2A
$HEROT,5999.99,A*27
$HEHDT,40.63,T*2E
$HEROT,5999.99,A*27
$HEHDT,40.60,T*2D
$HEROT,5999.99,A*27
$HEHDT,40.56,T*28
$HEROT,5999.99,A*27
$HEHDT,40.52,T*2C
$HEROT,5999.99,A*27
$HEHDT,40.49,T*26
$HEROT,5999.99,A*27
$HEHDT,40.46,T*29
$HEROT,5999.99,A*27
$HEHDT,40.42,T*2D
$HEROT,5999.99,A*27
$HEHDT,40.39,T*21
$HEROT,5999.99,A*27
$HEHDT,40.36,T*2E
$HEROT,5999.99,A*27
$HEHDT,40.33,T*2B
$HEROT,5999.99,A*27
$HEHDT,40.31,T*29
$HEROT,5999.99,A*27
$HEHDT,40.28,T*21
$HEROT,5999.99,A*27
$HEHDT,40.25,T*2C
$HEROT,5999.99,A*27
$HEHDT,40.23,T*2A
$HEROT,5999.99,A*27
$HEHDT,40.21,T*28
$HEROT,5999.99,A*27
$HEHDT,40.18,T*22
$HEROT,5999.99,A*27
$HEHDT,40.16,T*2C
$HEROT,5999.99,A*27
$HEHDT,40.14,T*2E
$HEROT,5999.99,A*27
$HEHDT,40.13,T*29
$HEROT,5999.99,A*27
$HEHDT,40.11,T*2B
$HEROT,5999.99,A*27
$HEHDT,40.09,T*22
$HEROT,5999.99,A*27
$HEHDT,40.08,T*23
$HEROT,5999.99,A*27
$HEHDT,40.06,T*2D
$HEROT,5999.99,A*27
$HEHDT,40.05,T*2E
$HEROT,5999.99,A*27
$HEHDT,40.04,T*2F
$HEROT,5999.99,A*27
$HEHDT,40.03,T*28
$HEROT,5999.99,A*27
$HEHDT,40.02,T*29
$HEROT,5999.99,A*27
$HEHDT,40.01,T*2A
$HEROT,5999.99,A*27
$HEHDT,40.01,T*2A
$HEROT,5999.99,A*27
$HEHDT,40.00,T*2B
$HEROT,5999.99,A*27
$HEHDT,40.00,T*2B
$HEROT,5999.99,A*27
$HEHDT,40.00,T*2B
$HEROT,5999.99,A*27
$HEHDT,40.00,T*2B
$HEROT,5999.99,A*27
$HEHDT,40.00,T*2B
$HEROT,5999.99,A*27
$HEHDT,40.00,T*2B
$HEROT,5999.99,A*27
$HEHDT,40.00,T*2B
$HEROT,5999.99,A*27
$HEHDT,40.00,T*2B
$HEROT,5999.99,A*27
$HEHDT,40.01,T*2A
$HEROT,5999.99,A*27
$HEHDT,40.01,T*2A
$HEROT,5999.99,A*27
$HEHDT,40.02,T*29
$HEROT,5999.99,A*27
$HEHDT,40.03,T*28
$HEROT,5999.99,A*27
$HEHDT,40.04,T*2F
$HEROT,5999.99,A*27
$HEHDT,40.05,T*2E
$HEROT,5999.99,A*27
$HEHDT,40.06,T*2D
$HEROT,5999.99,A*27
$HEHDT,40.08,T*23
$HEROT,5999.99,A*27
$HEHDT,40.09,T*22
$HEROT,5999.99,A*27
$HEHDT,40.11,T*2B
$HEROT,5999.99,A*27
$HEHDT,40.12,T*28
$HEROT,5999.99,A*27
$HEHDT,40.14,T*2E
$HEROT,5999.99,A*27
$HEHDT,40.16,T*2C
$HEROT,5999.99,A*27
$HEHDT,40.18,T*22
$HEROT,5999.99,A*27
$HEHDT,40.20,T*29
$HEROT,5999.99,A*27
$HEHDT,40.23,T*2A
$HEROT,5999.99,A*27
$HEHDT,40.25,T*2C
$HEROT,5999.99,A*27
$HEHDT,40.28,T*21
$HEROT,5999.99,A*27
$HEHDT,40.30,T*28
$HEROT,5999.99,A*27
$HEHDT,40.33,T*2B
$HEROT,5999.99,A*27
$HEHDT,40.36,T*2E
$HEROT,5999.99,A*27
$HEHDT,40.39,T*21
$HEROT,5999.99,A*27
$HEHDT,40.42,T*2D
$HEROT,5999.99,A*27
$HEHDT,40.45,T*2A
$HEROT,5999.99,A*27
$HEHDT,40.49,T*26
$HEROT,5999.99,A*27
$HEHDT,40.52,T*2C
$HEROT,5999.99,A*27
$HEHDT,40.56,T*28
$HEROT,5999.99,A*27
$HEHDT,40.59,T*27
$HEROT,5999.99,A*27
$HEHDT,40.63,T*2E
$HEROT,5999.99,A*27
$HEHDT,40.67,T*2A
$HEROT,5999.99,A*27
$HEHDT,40.71,T*2D
$HEROT,5999.99,A*27
$HEHDT,40.75,T*29
$HEROT,5999.99,A*27
$HEHDT,40.79,T*25
$HEROT,5999.99,A*27
$HEHDT,40.84,T*27
$HEROT,5999.99,A*27
$HEHDT,40.88,T*2B
$HEROT,5999.99,A*27
$HEHDT,40.92,T*20
$HEROT,5999.99,A*27
$HEHDT,40.97,T*25
$HEROT,5999.99,A*27
$HEHDT,41.02,T*28
$HEROT,5999.99,A*27
$HEHDT,41.07,T*2D
$HEROT,5999.99,A*27
$HEHDT,41.12,T*29
$HEROT,5999.99,A*27
$HEHDT,41.17,T*2C
$HEROT,5999.99,A*27
$HEHDT,41.22,T*2A
$HEROT,5999.99,A*27
$HEHDT,41.27,T*2F
$HEROT,5999.99,A*27
$HEHDT,41.32,T*2B
$HEROT,5999.99,A*27
$HEHDT,41.37,T*2E
$HEROT,5999.99,A*27
$HEHDT,41.43,T*2D
$HEROT,5999.99,A*27
$HEHDT,41.48,T*26
$HEROT,5999.99,A*27
$HEHDT,41.54,T*2B
$HEROT,5999.99,A*27
$HEHDT,41.60,T*2C
$HEROT,5999.99,A*27
$HEHDT,41.66,T*2A
$HEROT,5999.99,A*27
$HEHDT,41.72,T*2F
$HEROT,5999.99,A*27
$HEHDT,41.77,T*2A
$HEROT,5999.99,A*27
$HEHDT,41.84,T*26
$HEROT,5999.99,A*27
$HEHDT,41.90,T*23
$HEROT,5999.99,A*27
$HEHDT,41.96,T*25
$HEROT,5999.99,A*27
$HEHDT,42.02,T*2B
$HEROT,5999.99,A*27
$HEHDT,42.08,T*21
$HEROT,5999.99,A*27
$HEHDT,42.15,T*2D
$HEROT,5999.99,A*27
$HEHDT,42.21,T*2A
$HEROT,5999.99,A*27
$HEHDT,42.28,T*23
$HEROT,5999.99,A*27
$HEHDT,42.35,T*2F
$HEROT,5999.99,A*27
$HEHDT,42.41,T*2C
$HEROT,5999.99,A*27
$HEHDT,42.48,T*25
$HEROT,5999.99,A*27
$HEHDT,42.55,T*29
$HEROT,5999.99,A*27
$HEHDT,42.62,T*2D
$HEROT,5999.99,A*27
$HEHDT,42.69,T*26
$HEROT,5999.99,A*27
$HEHDT,42.76,T*28
$HEROT,5999.99,A*27
$HEHDT,42.83,T*22
$HEROT,5999.99,A*27
$HEHDT,42.90,T*20
$HEROT,5999.99,A*27
$HEHDT,42.97,T*27
$HEROT,5999.99,A*27
$HEHDT,43.04,T*2C
$HEROT,5999.99,A*27
$HEHDT,43.11,T*28
$HEROT,5999.99,A*27
$HEHDT,43.19,T*20
$HEROT,5999.99,A*27
$HEHDT,43.26,T*2C
$HEROT,5999.99,A*27
$HEHDT,43.33,T*28
$HEROT,5999.99,A*27
$HEHDT,43.41,T*2D
$HEROT,5999.99,A*27
$HEHDT,43.48,T*24
$HEROT,5999.99,A*27
$HEHDT,43.56,T*2B
$HEROT,5999.99,A*27
$HEHDT,43.63,T*2D
$HEROT,5999.99,A*27
$HEHDT,43.71,T*2E
$HEROT,5999.99,A*27
$HEHDT,43.79,T*26
$HEROT,5999.99,A*27
$HEHDT,43.86,T*26
$HEROT,5999.99,A*27
$HEHDT,43.94,T*25
$HEROT,5999.99,A*27
$HEHDT,44.02,T*2D
$HEROT,5999.99,A*27
$HEHDT,44.09,T*26
$HEROT,5999.99,A*27
$HEHDT,44.17,T*29
$HEROT,5999.99,A*27
$HEHDT,44.25,T*28
$HEROT,5999.99,A*27
$HEHDT,44.33,T*2F
$HEROT,5999.99,A*27
$HEHDT,44.40,T*2B
$HEROT,5999.99,A*27
$HEHDT,44.48,T*23
$HEROT,5999.99,A*27
$HEHDT,44.56,T*2C
$HEROT,5999.99,A*27
$HEHDT,44.64,T*2D
$HEROT,5999.99,A*27
$HEHDT,44.72,T*2A
$HEROT,5999.99,A*27
$HEHDT,44.79,T*21
$HEROT,5999.99,A*27
$HEHDT,44.87,T*20
$HEROT,5999.99,A*27
$HEHDT,44.95,T*23
$HEROT,5999.99,A*27
$HEHDT,45.03,T*2D
$HEROT,5999.99,A*27
$HEHDT,45.11,T*2E
$HEROT,5999.99,A*27
$HEHDT,45.19,T*26
$HEROT,5999.99,A*27
$HEHDT,45.27,T*2B
$HEROT,5999.99,A*27
$HEHDT,45.34,T*29
$HEROT,5999.99,A*27
$HEHDT,45.42,T*28
$HEROT,5999.99,A*27
$HEHDT,45.50,T*2B
$HEROT,5999.99,A*27
$HEHDT,45.58,T*23
$HEROT,5999.99,A*27
$HEHDT,45.66,T*2E
$HEROT,5999.99,A*27
$HEHDT,45.73,T*2A
$HEROT,5999.99,A*27
$HEHDT,45.81,T*27
$HEROT,5999.99,A*27
$HEHDT,45.89,T*2F
$HEROT,5999.99,A*27
$HEHDT,45.97,T*20
$HEROT,5999.99,A*27
$HEHDT,46.04,T*29
$HEROT,5999.99,A*27
$HEHDT,46.12,T*2E
$HEROT,5999.99,A*27
$HEHDT,46.20,T*2F
$HEROT,5999.99,A*27
$HEHDT,46.27,T*28
$HEROT,5999.99,A*27
$HEHDT,46.35,T*2B
$HEROT,5999.99,A*27
$HEHDT,46.42,T*2B
$HEROT,5999.99,A*27
$HEHDT,46.50,T*28
$HEROT,5999.99,A*27
$HEHDT,46.57,T*2F
$HEROT,5999.99,A*27
$HEHDT,46.65,T*2E
$HEROT,5999.99,A*27
$HEHDT,46.72,T*28
$HEROT,5999.99,A*27
$HEHDT,46.80,T*25
$HEROT,5999.99,A*27
$HEHDT,46.87,T*22
$HEROT,5999.99,A*27
$HEHDT,46.94,T*20
$HEROT,5999.99,A*27
$HEHDT,47.01,T*2D
$HEROT,5999.99,A*27
$HEHDT,47.08,T*24
$HEROT,5999.99,A*27
$HEHDT,47.16,T*2B
$HEROT,5999.99,A*27
$HEHDT,47.23,T*2D
$HEROT,5999.99,A*27
$HEHDT,47.30,T*2F
$HEROT,5999.99,A*27
$HEHDT,47.37,T*28
$HEROT,5999.99,A*27
$HEHDT,47.43,T*2B
$HEROT,5999.99,A*27
$HEHDT,47.50,T*29
$HEROT,5999.99,A*27
$HEHDT,47.57,T*2E
$HEROT,5999.99,A*27
$HEHDT,47.64,T*2E
$HEROT,5999.99,A*27
$HEHDT,47.70,T*2B
$HEROT,5999.99,A*27
$HEHDT,47.77,T*2C
$HEROT,5999.99,A*27
$HEHDT,47.83,T*27
$HEROT,5999.99,A*27
$HEHDT,47.90,T*25
$HEROT,5999.99,A*27
$HEHDT,47.96,T*23
$HEROT,5999.99,A*27
$HEHDT,48.03,T*20
$HEROT,5999.99,A*27
$HEHDT,48.09,T*2A
$HEROT,5999.99,A*27
$HEHDT,48.15,T*27
$HEROT,5999.99,A*27
$HEHDT,48.21,T*20
$HEROT,5999.99,A*27
$HEHDT,48.27,T*26
$HEROT,5999.99,A*27
$HEHDT,48.33,T*23
$HEROT,5999.99,A*27
$HEHDT,48.39,T*29
$HEROT,5999.99,A*27
